Using pre-set license
Built from '6000.0/staging' branch; Version is '6000.0.47f1 (2ad1ed33fd3b) revision 2806253'; Using compiler version '193933523'; Build Type 'Release'
OS: 'Windows 11  (10.0.26100) 64bit Professional' Language: 'it' Physical Memory: 32694 MB
BatchMode: 1, IsHumanControllingUs: 0, StartBugReporterOnCrash: 0, Is64bit: 1, IsPro: 1

COMMAND LINE ARGUMENTS:
C:\Program Files\Unity\Hub\Editor\6000.0.47f1\Editor\Unity.exe
-adb2
-batchMode
-noUpm
-name
AssetImportWorker3
-projectPath
C:/Users/guarn/OneDrive/Desktop/Don't close your eyes
-logFile
Logs/AssetImportWorker3.log
-srvPort
50687
-job-worker-count
5
-background-job-worker-count
8
-gc-helper-count
1
Successfully changed project path to: C:/Users/guarn/OneDrive/Desktop/Don't close your eyes
C:/Users/guarn/OneDrive/Desktop/Don't close your eyes
[UnityMemory] Configuration Parameters - Can be set up in boot.config
    "memorysetup-bucket-allocator-granularity=16"
    "memorysetup-bucket-allocator-bucket-count=8"
    "memorysetup-bucket-allocator-block-size=33554432"
    "memorysetup-bucket-allocator-block-count=8"
    "memorysetup-main-allocator-block-size=16777216"
    "memorysetup-thread-allocator-block-size=16777216"
    "memorysetup-gfx-main-allocator-block-size=16777216"
    "memorysetup-gfx-thread-allocator-block-size=16777216"
    "memorysetup-cache-allocator-block-size=4194304"
    "memorysetup-typetree-allocator-block-size=2097152"
    "memorysetup-profiler-bucket-allocator-granularity=16"
    "memorysetup-profiler-bucket-allocator-bucket-count=8"
    "memorysetup-profiler-bucket-allocator-block-size=33554432"
    "memorysetup-profiler-bucket-allocator-block-count=8"
    "memorysetup-profiler-allocator-block-size=16777216"
    "memorysetup-profiler-editor-allocator-block-size=1048576"
    "memorysetup-temp-allocator-size-main=16777216"
    "memorysetup-job-temp-allocator-block-size=2097152"
    "memorysetup-job-temp-allocator-block-size-background=1048576"
    "memorysetup-job-temp-allocator-reduction-small-platforms=262144"
    "memorysetup-allocator-temp-initial-block-size-main=262144"
    "memorysetup-allocator-temp-initial-block-size-worker=262144"
    "memorysetup-temp-allocator-size-background-worker=32768"
    "memorysetup-temp-allocator-size-job-worker=262144"
    "memorysetup-temp-allocator-size-preload-manager=33554432"
    "memorysetup-temp-allocator-size-nav-mesh-worker=65536"
    "memorysetup-temp-allocator-size-audio-worker=65536"
    "memorysetup-temp-allocator-size-cloud-worker=32768"
    "memorysetup-temp-allocator-size-gi-baking-worker=262144"
    "memorysetup-temp-allocator-size-gi-baking-worker=262144"
    "memorysetup-temp-allocator-size-gi-baking-worker=262144"
    "memorysetup-temp-allocator-size-gi-baking-worker=262144"
    "memorysetup-temp-allocator-size-gi-baking-worker=262144"
    "memorysetup-temp-allocator-size-gfx=262144"
Player connection [12628]  Target information:

Player connection [12628]  * "[IP] 192.168.56.1 [Port] 0 [Flags] 2 [Guid] 2628374349 [EditorId] 2628374349 [Version] 1048832 [Id] WindowsEditor(7,David) [Debug] 1 [PackageName] WindowsEditor [ProjectName] Editor" 

Player connection [12628]  * "[IP] 192.168.142.83 [Port] 0 [Flags] 2 [Guid] 2628374349 [EditorId] 2628374349 [Version] 1048832 [Id] WindowsEditor(7,David) [Debug] 1 [PackageName] WindowsEditor [ProjectName] Editor" 

Player connection [12628] Host joined multi-casting on [225.0.0.222:54997]...
Player connection [12628] Host joined alternative multi-casting on [225.0.0.222:34997]...
JobSystem: Creating JobQueue using job-worker-count value 5
Input System module state changed to: Initialized.
[Physics::Module] Initialized fallback backend.
[Physics::Module] Id: 0xdecafbad
Library Redirect Path: Library/
[Physics::Module] Selected backend.
[Physics::Module] Name: PhysX
[Physics::Module] Id: 0xf2b8ea05
[Physics::Module] SDK Version: 4.1.2
[Physics::Module] Integration Version: 1.0.0
[Physics::Module] Threading Mode: Multi-Threaded
Refreshing native plugins compatible for Editor in 0.23 ms, found 0 plugins.
Preloading 0 native plugins for Editor in 0.00 ms.
Initialize engine version: 6000.0.47f1 (2ad1ed33fd3b)
[Subsystems] Discovering subsystems at path C:/Program Files/Unity/Hub/Editor/6000.0.47f1/Editor/Data/Resources/UnitySubsystems
[Subsystems] Discovering subsystems at path C:/Users/guarn/OneDrive/Desktop/Don't close your eyes/Assets
GfxDevice: creating device client; kGfxThreadingModeNonThreaded
Direct3D:
    Version:  Direct3D 11.0 [level 11.1]
    Renderer: NVIDIA GeForce RTX 4070 (ID=0x2709)
    Vendor:   NVIDIA
    VRAM:     12011 MB
    Driver:   32.0.15.7247
Initialize mono
Mono path[0] = 'C:/Program Files/Unity/Hub/Editor/6000.0.47f1/Editor/Data/Managed'
Mono path[1] = 'C:/Program Files/Unity/Hub/Editor/6000.0.47f1/Editor/Data/MonoBleedingEdge/lib/mono/unityjit-win32'
Mono config path = 'C:/Program Files/Unity/Hub/Editor/6000.0.47f1/Editor/Data/MonoBleedingEdge/etc'
Using monoOptions --debugger-agent=transport=dt_socket,embedding=1,server=y,suspend=n,address=127.0.0.1:56036
Begin MonoManager ReloadAssembly
Registering precompiled unity dll's ...
Register platform support module: C:/Program Files/Unity/Hub/Editor/6000.0.47f1/Editor/Data/PlaybackEngines/WebGLSupport/UnityEditor.WebGL.Extensions.dll
Register platform support module: C:/Program Files/Unity/Hub/Editor/6000.0.47f1/Editor/Data/PlaybackEngines/WindowsStandaloneSupport/UnityEditor.WindowsStandalone.Extensions.dll
Registered in 0.003521 seconds.
- Loaded All Assemblies, in  0.384 seconds
Native extension for WindowsStandalone target not found
Native extension for WebGL target not found
Mono: successfully reloaded assembly
- Finished resetting the current domain, in  0.307 seconds
Domain Reload Profiling: 690ms
	BeginReloadAssembly (118ms)
		ExecutionOrderSort (0ms)
		DisableScriptedObjects (0ms)
		BackupInstance (0ms)
		ReleaseScriptingObjects (0ms)
		CreateAndSetChildDomain (1ms)
	RebuildCommonClasses (38ms)
	RebuildNativeTypeToScriptingClass (13ms)
	initialDomainReloadingComplete (49ms)
	LoadAllAssembliesAndSetupDomain (164ms)
		LoadAssemblies (116ms)
		RebuildTransferFunctionScriptingTraits (0ms)
		AnalyzeDomain (160ms)
			TypeCache.Refresh (159ms)
				TypeCache.ScanAssembly (145ms)
			BuildScriptInfoCaches (0ms)
			ResolveRequiredComponents (0ms)
	FinalizeReload (308ms)
		ReleaseScriptCaches (0ms)
		RebuildScriptCaches (0ms)
		SetupLoadedEditorAssemblies (275ms)
			LogAssemblyErrors (0ms)
			InitializePlatformSupportModulesInManaged (21ms)
			SetLoadedEditorAssemblies (4ms)
			BeforeProcessingInitializeOnLoad (52ms)
			ProcessInitializeOnLoadAttributes (146ms)
			ProcessInitializeOnLoadMethodAttributes (51ms)
			AfterProcessingInitializeOnLoad (0ms)
			EditorAssembliesLoaded (0ms)
		ExecutionOrderSort2 (0ms)
		AwakeInstancesAfterBackupRestoration (0ms)
========================================================================
Worker process is ready to serve import requests
Import Worker Mode flag is 0x00
Begin MonoManager ReloadAssembly
- Loaded All Assemblies, in  0.392 seconds
Refreshing native plugins compatible for Editor in 0.13 ms, found 0 plugins.
Native extension for WindowsStandalone target not found
Native extension for WebGL target not found
Mono: successfully reloaded assembly
- Finished resetting the current domain, in  0.313 seconds
Domain Reload Profiling: 704ms
	BeginReloadAssembly (163ms)
		ExecutionOrderSort (0ms)
		DisableScriptedObjects (7ms)
		BackupInstance (0ms)
		ReleaseScriptingObjects (0ms)
		CreateAndSetChildDomain (30ms)
	RebuildCommonClasses (38ms)
	RebuildNativeTypeToScriptingClass (13ms)
	initialDomainReloadingComplete (35ms)
	LoadAllAssembliesAndSetupDomain (141ms)
		LoadAssemblies (197ms)
		RebuildTransferFunctionScriptingTraits (0ms)
		AnalyzeDomain (36ms)
			TypeCache.Refresh (26ms)
				TypeCache.ScanAssembly (17ms)
			BuildScriptInfoCaches (6ms)
			ResolveRequiredComponents (2ms)
	FinalizeReload (313ms)
		ReleaseScriptCaches (0ms)
		RebuildScriptCaches (0ms)
		SetupLoadedEditorAssemblies (220ms)
			LogAssemblyErrors (0ms)
			InitializePlatformSupportModulesInManaged (3ms)
			SetLoadedEditorAssemblies (3ms)
			BeforeProcessingInitializeOnLoad (60ms)
			ProcessInitializeOnLoadAttributes (119ms)
			ProcessInitializeOnLoadMethodAttributes (30ms)
			AfterProcessingInitializeOnLoad (5ms)
			EditorAssembliesLoaded (0ms)
		ExecutionOrderSort2 (0ms)
		AwakeInstancesAfterBackupRestoration (6ms)
Launched and connected shader compiler UnityShaderCompiler.exe after 0.01 seconds
Refreshing native plugins compatible for Editor in 0.25 ms, found 0 plugins.
Preloading 0 native plugins for Editor in 0.00 ms.
Unloading 7 Unused Serialized files (Serialized files now loaded: 0)
Unloading 867 unused Assets / (137.7 KB). Loaded Objects now: 1398.
Memory consumption went from 76.1 MB to 76.0 MB.
Total: 5.953200 ms (FindLiveObjects: 0.218900 ms CreateObjectMapping: 0.062500 ms MarkObjects: 5.421100 ms  DeleteObjects: 0.247500 ms)

========================================================================
Received Import Request.
  Time since last request: 986182.256694 seconds.
  path: Assets/BitGem/NPC_Character/Prefabs/head_neutral_NPC.prefab
  artifactKey: Guid(cfbfc6aa9caa240f0ac5d171ac41f7fc) Importer(815301076,1909f56bfc062723c751e8b465ee728b)
Start importing Assets/BitGem/NPC_Character/Prefabs/head_neutral_NPC.prefab using Guid(cfbfc6aa9caa240f0ac5d171ac41f7fc) Importer(815301076,1909f56bfc062723c751e8b465ee728b) (PreviewImporter) -> (artifact id: '3b43e54aae7a5e8a15f371f2079e1651') in 0.1359337 seconds
Number of updated asset objects reloaded before import = 0Number of asset objects unloaded after import = 9

========================================================================
Received Prepare
Begin MonoManager ReloadAssembly
- Loaded All Assemblies, in  0.392 seconds
Refreshing native plugins compatible for Editor in 0.14 ms, found 0 plugins.
Native extension for WindowsStandalone target not found
Native extension for WebGL target not found
Mono: successfully reloaded assembly
- Finished resetting the current domain, in  0.369 seconds
Domain Reload Profiling: 760ms
	BeginReloadAssembly (175ms)
		ExecutionOrderSort (0ms)
		DisableScriptedObjects (6ms)
		BackupInstance (0ms)
		ReleaseScriptingObjects (0ms)
		CreateAndSetChildDomain (32ms)
	RebuildCommonClasses (47ms)
	RebuildNativeTypeToScriptingClass (13ms)
	initialDomainReloadingComplete (23ms)
	LoadAllAssembliesAndSetupDomain (132ms)
		LoadAssemblies (209ms)
		RebuildTransferFunctionScriptingTraits (0ms)
		AnalyzeDomain (26ms)
			TypeCache.Refresh (4ms)
				TypeCache.ScanAssembly (0ms)
			BuildScriptInfoCaches (18ms)
			ResolveRequiredComponents (2ms)
	FinalizeReload (370ms)
		ReleaseScriptCaches (0ms)
		RebuildScriptCaches (0ms)
		SetupLoadedEditorAssemblies (259ms)
			LogAssemblyErrors (0ms)
			InitializePlatformSupportModulesInManaged (3ms)
			SetLoadedEditorAssemblies (3ms)
			BeforeProcessingInitializeOnLoad (64ms)
			ProcessInitializeOnLoadAttributes (143ms)
			ProcessInitializeOnLoadMethodAttributes (38ms)
			AfterProcessingInitializeOnLoad (7ms)
			EditorAssembliesLoaded (1ms)
		ExecutionOrderSort2 (0ms)
		AwakeInstancesAfterBackupRestoration (10ms)
Refreshing native plugins compatible for Editor in 0.20 ms, found 0 plugins.
Preloading 0 native plugins for Editor in 0.00 ms.
Unloading 0 Unused Serialized files (Serialized files now loaded: 0)
Unloading 866 unused Assets / (104.3 KB). Loaded Objects now: 1408.
Memory consumption went from 79.7 MB to 79.6 MB.
Total: 7.017100 ms (FindLiveObjects: 0.324900 ms CreateObjectMapping: 0.055400 ms MarkObjects: 6.273100 ms  DeleteObjects: 0.362100 ms)

Prepare: number of updated asset objects reloaded= 0
========================================================================
Received Prepare
Begin MonoManager ReloadAssembly
- Loaded All Assemblies, in  0.797 seconds
Refreshing native plugins compatible for Editor in 0.20 ms, found 0 plugins.
Native extension for WindowsStandalone target not found
Native extension for WebGL target not found
Mono: successfully reloaded assembly
- Finished resetting the current domain, in  0.491 seconds
Domain Reload Profiling: 1286ms
	BeginReloadAssembly (299ms)
		ExecutionOrderSort (0ms)
		DisableScriptedObjects (20ms)
		BackupInstance (0ms)
		ReleaseScriptingObjects (0ms)
		CreateAndSetChildDomain (46ms)
	RebuildCommonClasses (71ms)
	RebuildNativeTypeToScriptingClass (20ms)
	initialDomainReloadingComplete (44ms)
	LoadAllAssembliesAndSetupDomain (360ms)
		LoadAssemblies (486ms)
		RebuildTransferFunctionScriptingTraits (0ms)
		AnalyzeDomain (49ms)
			TypeCache.Refresh (8ms)
				TypeCache.ScanAssembly (0ms)
			BuildScriptInfoCaches (35ms)
			ResolveRequiredComponents (3ms)
	FinalizeReload (492ms)
		ReleaseScriptCaches (0ms)
		RebuildScriptCaches (0ms)
		SetupLoadedEditorAssemblies (339ms)
			LogAssemblyErrors (0ms)
			InitializePlatformSupportModulesInManaged (4ms)
			SetLoadedEditorAssemblies (4ms)
			BeforeProcessingInitializeOnLoad (87ms)
			ProcessInitializeOnLoadAttributes (190ms)
			ProcessInitializeOnLoadMethodAttributes (46ms)
			AfterProcessingInitializeOnLoad (8ms)
			EditorAssembliesLoaded (0ms)
		ExecutionOrderSort2 (0ms)
		AwakeInstancesAfterBackupRestoration (11ms)
Refreshing native plugins compatible for Editor in 0.23 ms, found 0 plugins.
Preloading 0 native plugins for Editor in 0.00 ms.
Unloading 0 Unused Serialized files (Serialized files now loaded: 0)
Unloading 866 unused Assets / (120.0 KB). Loaded Objects now: 1408.
Memory consumption went from 79.7 MB to 79.6 MB.
Total: 7.547700 ms (FindLiveObjects: 0.236100 ms CreateObjectMapping: 0.056000 ms MarkObjects: 6.846300 ms  DeleteObjects: 0.407400 ms)

Prepare: number of updated asset objects reloaded= 0
========================================================================
Received Prepare
Begin MonoManager ReloadAssembly
- Loaded All Assemblies, in  0.379 seconds
Refreshing native plugins compatible for Editor in 0.14 ms, found 0 plugins.
Native extension for WindowsStandalone target not found
Native extension for WebGL target not found
Mono: successfully reloaded assembly
- Finished resetting the current domain, in  0.358 seconds
Domain Reload Profiling: 735ms
	BeginReloadAssembly (171ms)
		ExecutionOrderSort (0ms)
		DisableScriptedObjects (7ms)
		BackupInstance (0ms)
		ReleaseScriptingObjects (0ms)
		CreateAndSetChildDomain (29ms)
	RebuildCommonClasses (38ms)
	RebuildNativeTypeToScriptingClass (13ms)
	initialDomainReloadingComplete (24ms)
	LoadAllAssembliesAndSetupDomain (131ms)
		LoadAssemblies (206ms)
		RebuildTransferFunctionScriptingTraits (0ms)
		AnalyzeDomain (26ms)
			TypeCache.Refresh (4ms)
				TypeCache.ScanAssembly (0ms)
			BuildScriptInfoCaches (18ms)
			ResolveRequiredComponents (2ms)
	FinalizeReload (358ms)
		ReleaseScriptCaches (0ms)
		RebuildScriptCaches (0ms)
		SetupLoadedEditorAssemblies (251ms)
			LogAssemblyErrors (0ms)
			InitializePlatformSupportModulesInManaged (3ms)
			SetLoadedEditorAssemblies (3ms)
			BeforeProcessingInitializeOnLoad (70ms)
			ProcessInitializeOnLoadAttributes (136ms)
			ProcessInitializeOnLoadMethodAttributes (33ms)
			AfterProcessingInitializeOnLoad (5ms)
			EditorAssembliesLoaded (0ms)
		ExecutionOrderSort2 (0ms)
		AwakeInstancesAfterBackupRestoration (9ms)
Refreshing native plugins compatible for Editor in 0.20 ms, found 0 plugins.
Preloading 0 native plugins for Editor in 0.00 ms.
Unloading 0 Unused Serialized files (Serialized files now loaded: 0)
Unloading 866 unused Assets / (151.6 KB). Loaded Objects now: 1408.
Memory consumption went from 79.7 MB to 79.5 MB.
Total: 7.446800 ms (FindLiveObjects: 0.321000 ms CreateObjectMapping: 0.053300 ms MarkObjects: 6.460600 ms  DeleteObjects: 0.610000 ms)

Prepare: number of updated asset objects reloaded= 0
========================================================================
Received Prepare
Begin MonoManager ReloadAssembly
- Loaded All Assemblies, in  0.403 seconds
Refreshing native plugins compatible for Editor in 0.11 ms, found 0 plugins.
Native extension for WindowsStandalone target not found
Native extension for WebGL target not found
Mono: successfully reloaded assembly
- Finished resetting the current domain, in  0.363 seconds
Domain Reload Profiling: 764ms
	BeginReloadAssembly (172ms)
		ExecutionOrderSort (0ms)
		DisableScriptedObjects (7ms)
		BackupInstance (0ms)
		ReleaseScriptingObjects (0ms)
		CreateAndSetChildDomain (30ms)
	RebuildCommonClasses (43ms)
	RebuildNativeTypeToScriptingClass (13ms)
	initialDomainReloadingComplete (23ms)
	LoadAllAssembliesAndSetupDomain (149ms)
		LoadAssemblies (218ms)
		RebuildTransferFunctionScriptingTraits (0ms)
		AnalyzeDomain (32ms)
			TypeCache.Refresh (4ms)
				TypeCache.ScanAssembly (0ms)
			BuildScriptInfoCaches (24ms)
			ResolveRequiredComponents (2ms)
	FinalizeReload (363ms)
		ReleaseScriptCaches (0ms)
		RebuildScriptCaches (0ms)
		SetupLoadedEditorAssemblies (253ms)
			LogAssemblyErrors (0ms)
			InitializePlatformSupportModulesInManaged (3ms)
			SetLoadedEditorAssemblies (3ms)
			BeforeProcessingInitializeOnLoad (64ms)
			ProcessInitializeOnLoadAttributes (142ms)
			ProcessInitializeOnLoadMethodAttributes (34ms)
			AfterProcessingInitializeOnLoad (5ms)
			EditorAssembliesLoaded (0ms)
		ExecutionOrderSort2 (0ms)
		AwakeInstancesAfterBackupRestoration (9ms)
Refreshing native plugins compatible for Editor in 0.22 ms, found 0 plugins.
Preloading 0 native plugins for Editor in 0.00 ms.
Unloading 0 Unused Serialized files (Serialized files now loaded: 0)
Unloading 866 unused Assets / (206.0 KB). Loaded Objects now: 1408.
Memory consumption went from 79.7 MB to 79.5 MB.
Total: 6.634100 ms (FindLiveObjects: 0.265400 ms CreateObjectMapping: 0.053900 ms MarkObjects: 5.824900 ms  DeleteObjects: 0.487600 ms)

Prepare: number of updated asset objects reloaded= 0
========================================================================
Received Prepare
Begin MonoManager ReloadAssembly
- Loaded All Assemblies, in  0.424 seconds
Refreshing native plugins compatible for Editor in 0.11 ms, found 0 plugins.
Native extension for WindowsStandalone target not found
Native extension for WebGL target not found
Mono: successfully reloaded assembly
- Finished resetting the current domain, in  0.350 seconds
Domain Reload Profiling: 772ms
	BeginReloadAssembly (186ms)
		ExecutionOrderSort (0ms)
		DisableScriptedObjects (7ms)
		BackupInstance (0ms)
		ReleaseScriptingObjects (0ms)
		CreateAndSetChildDomain (31ms)
	RebuildCommonClasses (42ms)
	RebuildNativeTypeToScriptingClass (17ms)
	initialDomainReloadingComplete (24ms)
	LoadAllAssembliesAndSetupDomain (152ms)
		LoadAssemblies (230ms)
		RebuildTransferFunctionScriptingTraits (0ms)
		AnalyzeDomain (34ms)
			TypeCache.Refresh (7ms)
				TypeCache.ScanAssembly (0ms)
			BuildScriptInfoCaches (22ms)
			ResolveRequiredComponents (2ms)
	FinalizeReload (351ms)
		ReleaseScriptCaches (0ms)
		RebuildScriptCaches (0ms)
		SetupLoadedEditorAssemblies (250ms)
			LogAssemblyErrors (0ms)
			InitializePlatformSupportModulesInManaged (3ms)
			SetLoadedEditorAssemblies (3ms)
			BeforeProcessingInitializeOnLoad (68ms)
			ProcessInitializeOnLoadAttributes (136ms)
			ProcessInitializeOnLoadMethodAttributes (34ms)
			AfterProcessingInitializeOnLoad (6ms)
			EditorAssembliesLoaded (0ms)
		ExecutionOrderSort2 (0ms)
		AwakeInstancesAfterBackupRestoration (8ms)
Refreshing native plugins compatible for Editor in 0.23 ms, found 0 plugins.
Preloading 0 native plugins for Editor in 0.00 ms.
Unloading 0 Unused Serialized files (Serialized files now loaded: 0)
Unloading 869 unused Assets / (96.7 KB). Loaded Objects now: 1411.
Memory consumption went from 79.8 MB to 79.7 MB.
Total: 6.280900 ms (FindLiveObjects: 0.239900 ms CreateObjectMapping: 0.053500 ms MarkObjects: 5.650300 ms  DeleteObjects: 0.335300 ms)

Prepare: number of updated asset objects reloaded= 0
========================================================================
Received Import Request.
  Time since last request: 1206.173006 seconds.
  path: Assets/Military/Floor/MAT_Floor.mat
  artifactKey: Guid(877b27d923ebe5b41bd16025541c777b) Importer(815301076,1909f56bfc062723c751e8b465ee728b)
Start importing Assets/Military/Floor/MAT_Floor.mat using Guid(877b27d923ebe5b41bd16025541c777b) Importer(815301076,1909f56bfc062723c751e8b465ee728b) (PreviewImporter) -> (artifact id: '91fc71e5740a3e903d736af5c03ea352') in 0.3368199 seconds
Number of updated asset objects reloaded before import = 0Number of asset objects unloaded after import = 1

========================================================================
Received Import Request.
  Time since last request: 0.917221 seconds.
  path: Assets/Military/Materials/Backpack1_Skin2.mat
  artifactKey: Guid(3c18a64b693f2fc45a7f092ddf46cbce) Importer(815301076,1909f56bfc062723c751e8b465ee728b)
Start importing Assets/Military/Materials/Backpack1_Skin2.mat using Guid(3c18a64b693f2fc45a7f092ddf46cbce) Importer(815301076,1909f56bfc062723c751e8b465ee728b) (PreviewImporter) -> (artifact id: '01725bd6a126615b8c34c8cfac2035bd') in 0.2841355 seconds
Number of updated asset objects reloaded before import = 0Number of asset objects unloaded after import = 6

========================================================================
Received Import Request.
  Time since last request: 0.000026 seconds.
  path: Assets/Military/Materials/Eyes1.mat
  artifactKey: Guid(38b71884de7d2094587df9ab6c870d4b) Importer(815301076,1909f56bfc062723c751e8b465ee728b)
Start importing Assets/Military/Materials/Eyes1.mat using Guid(38b71884de7d2094587df9ab6c870d4b) Importer(815301076,1909f56bfc062723c751e8b465ee728b) (PreviewImporter) -> (artifact id: '04275846311ac18561de801f48a792be') in 0.2017315 seconds
Number of updated asset objects reloaded before import = 0Number of asset objects unloaded after import = 3

========================================================================
Received Import Request.
  Time since last request: 0.368694 seconds.
  path: Assets/Military/Materials HDRP/HDRP_Backpack1_Skin2.mat
  artifactKey: Guid(0d9334c000a0e324f8770aaa8ab318b4) Importer(815301076,1909f56bfc062723c751e8b465ee728b)
Start importing Assets/Military/Materials HDRP/HDRP_Backpack1_Skin2.mat using Guid(0d9334c000a0e324f8770aaa8ab318b4) Importer(815301076,1909f56bfc062723c751e8b465ee728b) (PreviewImporter) -> (artifact id: '3658b7e00702e0c89107cf0b4c9ee698') in 0.0180028 seconds
Number of updated asset objects reloaded before import = 0Number of asset objects unloaded after import = 6

========================================================================
Received Import Request.
  Time since last request: 0.000040 seconds.
  path: Assets/Military/Materials HDRP/HDRP_Gloves1_Skin1.mat
  artifactKey: Guid(a4158358f065f2c42bc1bc8acc850552) Importer(815301076,1909f56bfc062723c751e8b465ee728b)
Start importing Assets/Military/Materials HDRP/HDRP_Gloves1_Skin1.mat using Guid(a4158358f065f2c42bc1bc8acc850552) Importer(815301076,1909f56bfc062723c751e8b465ee728b) (PreviewImporter) -> (artifact id: '0afee9f9e333261f8847b992c7e8676a') in 0.01782 seconds
Number of updated asset objects reloaded before import = 0Number of asset objects unloaded after import = 5

========================================================================
Received Import Request.
  Time since last request: 0.000023 seconds.
  path: Assets/Military/Materials HDRP/HDRP_Backpack1_Skin4.mat
  artifactKey: Guid(f02f6c1af6a19f846b20cbef9adb1b30) Importer(815301076,1909f56bfc062723c751e8b465ee728b)
Start importing Assets/Military/Materials HDRP/HDRP_Backpack1_Skin4.mat using Guid(f02f6c1af6a19f846b20cbef9adb1b30) Importer(815301076,1909f56bfc062723c751e8b465ee728b) (PreviewImporter) -> (artifact id: 'cf0f31c462837b35c688414bef4cf971') in 0.0202569 seconds
Number of updated asset objects reloaded before import = 0Number of asset objects unloaded after import = 6

========================================================================
Received Import Request.
  Time since last request: 0.000025 seconds.
  path: Assets/Military/Materials HDRP/HDRP_Gloves1_Skin2.mat
  artifactKey: Guid(d9e036f8f88a8c04ab5b0e31a4c8ce1c) Importer(815301076,1909f56bfc062723c751e8b465ee728b)
Start importing Assets/Military/Materials HDRP/HDRP_Gloves1_Skin2.mat using Guid(d9e036f8f88a8c04ab5b0e31a4c8ce1c) Importer(815301076,1909f56bfc062723c751e8b465ee728b) (PreviewImporter) -> (artifact id: '30cdebc9b1306aa55a3fc5ab38b6d0f4') in 0.0162809 seconds
Number of updated asset objects reloaded before import = 0Number of asset objects unloaded after import = 5

========================================================================
Received Import Request.
  Time since last request: 0.000020 seconds.
  path: Assets/Military/Materials HDRP/HDRP_Cap1_Skin1.mat
  artifactKey: Guid(0391a74cc3107a84f8c186625497d992) Importer(815301076,1909f56bfc062723c751e8b465ee728b)
Start importing Assets/Military/Materials HDRP/HDRP_Cap1_Skin1.mat using Guid(0391a74cc3107a84f8c186625497d992) Importer(815301076,1909f56bfc062723c751e8b465ee728b) (PreviewImporter) -> (artifact id: 'cfb9aeb7545d68f3c0973ff2e5f2a40c') in 0.0199763 seconds
Number of updated asset objects reloaded before import = 0Number of asset objects unloaded after import = 6

========================================================================
Received Import Request.
  Time since last request: 0.000020 seconds.
  path: Assets/Military/Materials HDRP/HDRP_Boots3_Skin2.mat
  artifactKey: Guid(897f2ddab7338ca4d8853a978e15652e) Importer(815301076,1909f56bfc062723c751e8b465ee728b)
Start importing Assets/Military/Materials HDRP/HDRP_Boots3_Skin2.mat using Guid(897f2ddab7338ca4d8853a978e15652e) Importer(815301076,1909f56bfc062723c751e8b465ee728b) (PreviewImporter) -> (artifact id: 'b129807d4a6504d587a7b038a73131ad') in 0.0108248 seconds
Number of updated asset objects reloaded before import = 0Number of asset objects unloaded after import = 6

========================================================================
Received Import Request.
  Time since last request: 0.000026 seconds.
  path: Assets/Military/Materials HDRP/HDRP_Boots3_Skin1.mat
  artifactKey: Guid(9e0546643c83d104a90ae7ca68392bff) Importer(815301076,1909f56bfc062723c751e8b465ee728b)
Start importing Assets/Military/Materials HDRP/HDRP_Boots3_Skin1.mat using Guid(9e0546643c83d104a90ae7ca68392bff) Importer(815301076,1909f56bfc062723c751e8b465ee728b) (PreviewImporter) -> (artifact id: '4b077af865d43332dfeba85aa29a5fa1') in 0.0087216 seconds
Number of updated asset objects reloaded before import = 0Number of asset objects unloaded after import = 6

========================================================================
Received Import Request.
  Time since last request: 0.000035 seconds.
  path: Assets/Military/Materials HDRP/HDRP_Boots3_Skin3.mat
  artifactKey: Guid(62319ce61a9d7934c95a769fb08211a4) Importer(815301076,1909f56bfc062723c751e8b465ee728b)
Start importing Assets/Military/Materials HDRP/HDRP_Boots3_Skin3.mat using Guid(62319ce61a9d7934c95a769fb08211a4) Importer(815301076,1909f56bfc062723c751e8b465ee728b) (PreviewImporter) -> (artifact id: '2815c08bc5e1f35ad1028646fbd48f76') in 0.0111634 seconds
Number of updated asset objects reloaded before import = 0Number of asset objects unloaded after import = 6

========================================================================
Received Import Request.
  Time since last request: 0.000018 seconds.
  path: Assets/Military/Materials HDRP/HDRP_Pants2_Skin2.mat
  artifactKey: Guid(bdd7a5e0734c2254683f2032e8a7c7f8) Importer(815301076,1909f56bfc062723c751e8b465ee728b)
Start importing Assets/Military/Materials HDRP/HDRP_Pants2_Skin2.mat using Guid(bdd7a5e0734c2254683f2032e8a7c7f8) Importer(815301076,1909f56bfc062723c751e8b465ee728b) (PreviewImporter) -> (artifact id: '210bbca9253c5b929729ab6c65c0d4a8') in 0.0191598 seconds
Number of updated asset objects reloaded before import = 0Number of asset objects unloaded after import = 6

========================================================================
Received Import Request.
  Time since last request: 0.000020 seconds.
  path: Assets/Military/Materials HDRP/HDRP_Head1.mat
  artifactKey: Guid(fc5116b24a68e04498069328a62df292) Importer(815301076,1909f56bfc062723c751e8b465ee728b)
Start importing Assets/Military/Materials HDRP/HDRP_Head1.mat using Guid(fc5116b24a68e04498069328a62df292) Importer(815301076,1909f56bfc062723c751e8b465ee728b) (PreviewImporter) -> (artifact id: 'd382128e476a25778c7227dc6a2d2f80') in 0.0167696 seconds
Number of updated asset objects reloaded before import = 0Number of asset objects unloaded after import = 5

========================================================================
Received Import Request.
  Time since last request: 0.000031 seconds.
  path: Assets/Military/Materials HDRP/HDRP_Pants2_Skin3.mat
  artifactKey: Guid(315b9206d1b6e5841aa9209f2e1f8b92) Importer(815301076,1909f56bfc062723c751e8b465ee728b)
Start importing Assets/Military/Materials HDRP/HDRP_Pants2_Skin3.mat using Guid(315b9206d1b6e5841aa9209f2e1f8b92) Importer(815301076,1909f56bfc062723c751e8b465ee728b) (PreviewImporter) -> (artifact id: '032802d24a9c11ec36a01ef21ae22d90') in 0.0171449 seconds
Number of updated asset objects reloaded before import = 0Number of asset objects unloaded after import = 6

========================================================================
Received Import Request.
  Time since last request: 1.329498 seconds.
  path: Assets/Military/Materials URP/URP_Backpack1_Skin2.mat
  artifactKey: Guid(a4a8d1cc9aa491b47b9b5881c72e8131) Importer(815301076,1909f56bfc062723c751e8b465ee728b)
Start importing Assets/Military/Materials URP/URP_Backpack1_Skin2.mat using Guid(a4a8d1cc9aa491b47b9b5881c72e8131) Importer(815301076,1909f56bfc062723c751e8b465ee728b) (PreviewImporter) -> (artifact id: '9911044591c1ff554e2893ded48ddec2') in 0.0199682 seconds
Number of updated asset objects reloaded before import = 0Number of asset objects unloaded after import = 6

========================================================================
Received Import Request.
  Time since last request: 0.000015 seconds.
  path: Assets/Military/Materials URP/URP_Cap1_Skin1.mat
  artifactKey: Guid(9e2e0aa2d3552f44ca191a0594ed99fc) Importer(815301076,1909f56bfc062723c751e8b465ee728b)
Start importing Assets/Military/Materials URP/URP_Cap1_Skin1.mat using Guid(9e2e0aa2d3552f44ca191a0594ed99fc) Importer(815301076,1909f56bfc062723c751e8b465ee728b) (PreviewImporter) -> (artifact id: '47651242e8cca42babc505ac85db3ddd') in 0.0237684 seconds
Number of updated asset objects reloaded before import = 0Number of asset objects unloaded after import = 6

========================================================================
Received Import Request.
  Time since last request: 0.000035 seconds.
  path: Assets/Military/Materials URP/URP_Boots3_Skin3.mat
  artifactKey: Guid(4069970779519534094e765126f96e0d) Importer(815301076,1909f56bfc062723c751e8b465ee728b)
Start importing Assets/Military/Materials URP/URP_Boots3_Skin3.mat using Guid(4069970779519534094e765126f96e0d) Importer(815301076,1909f56bfc062723c751e8b465ee728b) (PreviewImporter) -> (artifact id: '8ed7c2a8fc05ed23b1e0b5ed9dcca5c8') in 0.0114726 seconds
Number of updated asset objects reloaded before import = 0Number of asset objects unloaded after import = 6

========================================================================
Received Import Request.
  Time since last request: 0.000027 seconds.
  path: Assets/Military/Materials URP/URP_Eyes1.mat
  artifactKey: Guid(d2597d236b82606429a6b105ebaca1c7) Importer(815301076,1909f56bfc062723c751e8b465ee728b)
Start importing Assets/Military/Materials URP/URP_Eyes1.mat using Guid(d2597d236b82606429a6b105ebaca1c7) Importer(815301076,1909f56bfc062723c751e8b465ee728b) (PreviewImporter) -> (artifact id: '5d3d02127812e665dcd1ae74b5a9393e') in 0.0083099 seconds
Number of updated asset objects reloaded before import = 0Number of asset objects unloaded after import = 3

========================================================================
Received Import Request.
  Time since last request: 0.000020 seconds.
  path: Assets/Military/Materials URP/URP_Boots3_Skin2.mat
  artifactKey: Guid(0a330e6eee7c9d745b76b538da6b35c8) Importer(815301076,1909f56bfc062723c751e8b465ee728b)
Start importing Assets/Military/Materials URP/URP_Boots3_Skin2.mat using Guid(0a330e6eee7c9d745b76b538da6b35c8) Importer(815301076,1909f56bfc062723c751e8b465ee728b) (PreviewImporter) -> (artifact id: 'fbe27f179b5b55f5916239a95fe4f943') in 0.0118183 seconds
Number of updated asset objects reloaded before import = 0Number of asset objects unloaded after import = 6

========================================================================
Received Import Request.
  Time since last request: 0.000028 seconds.
  path: Assets/Military/Materials URP/URP_Backpack1_Skin4.mat
  artifactKey: Guid(1ddc53d882c351049bd35d969f8dc0bd) Importer(815301076,1909f56bfc062723c751e8b465ee728b)
Start importing Assets/Military/Materials URP/URP_Backpack1_Skin4.mat using Guid(1ddc53d882c351049bd35d969f8dc0bd) Importer(815301076,1909f56bfc062723c751e8b465ee728b) (PreviewImporter) -> (artifact id: '0ecf69281ffffcac99ec08077f82993c') in 0.0214844 seconds
Number of updated asset objects reloaded before import = 0Number of asset objects unloaded after import = 6

========================================================================
Received Import Request.
  Time since last request: 0.000038 seconds.
  path: Assets/Military/Materials URP/URP_Pouches1_Skin1.mat
  artifactKey: Guid(67185e5c94b5e1a4b8b70464ea42260f) Importer(815301076,1909f56bfc062723c751e8b465ee728b)
Start importing Assets/Military/Materials URP/URP_Pouches1_Skin1.mat using Guid(67185e5c94b5e1a4b8b70464ea42260f) Importer(815301076,1909f56bfc062723c751e8b465ee728b) (PreviewImporter) -> (artifact id: '4c33113d15b9268d5fc55ac68dccfb2d') in 0.0222697 seconds
Number of updated asset objects reloaded before import = 0Number of asset objects unloaded after import = 6

========================================================================
Received Import Request.
  Time since last request: 0.000024 seconds.
  path: Assets/Military/Materials URP/URP_Gloves1_Skin1.mat
  artifactKey: Guid(3e4cde5eedb06e944bae6f80ebd17996) Importer(815301076,1909f56bfc062723c751e8b465ee728b)
Start importing Assets/Military/Materials URP/URP_Gloves1_Skin1.mat using Guid(3e4cde5eedb06e944bae6f80ebd17996) Importer(815301076,1909f56bfc062723c751e8b465ee728b) (PreviewImporter) -> (artifact id: 'e74dbd549dc1f6192496062e2da35c22') in 0.0196994 seconds
Number of updated asset objects reloaded before import = 0Number of asset objects unloaded after import = 5

========================================================================
Received Import Request.
  Time since last request: 0.000029 seconds.
  path: Assets/Military/Materials URP/URP_Cap1_Skin4.mat
  artifactKey: Guid(ccfb5ff9a2f4e8f4c9b8355539a1358f) Importer(815301076,1909f56bfc062723c751e8b465ee728b)
Start importing Assets/Military/Materials URP/URP_Cap1_Skin4.mat using Guid(ccfb5ff9a2f4e8f4c9b8355539a1358f) Importer(815301076,1909f56bfc062723c751e8b465ee728b) (PreviewImporter) -> (artifact id: '08c037d445fd3cc254de6c31b51794ce') in 0.0231164 seconds
Number of updated asset objects reloaded before import = 0Number of asset objects unloaded after import = 6

========================================================================
Received Import Request.
  Time since last request: 0.000028 seconds.
  path: Assets/Military/Materials URP/URP_Cap1_Skin2.mat
  artifactKey: Guid(395fd9fdae985024b8e9c65ed877cfce) Importer(815301076,1909f56bfc062723c751e8b465ee728b)
Start importing Assets/Military/Materials URP/URP_Cap1_Skin2.mat using Guid(395fd9fdae985024b8e9c65ed877cfce) Importer(815301076,1909f56bfc062723c751e8b465ee728b) (PreviewImporter) -> (artifact id: '61e0fb32c134a13783f57c3f5ec7ef6c') in 0.0211893 seconds
Number of updated asset objects reloaded before import = 0Number of asset objects unloaded after import = 6

========================================================================
Received Import Request.
  Time since last request: 0.000034 seconds.
  path: Assets/Military/Materials URP/URP_Backpack1_Skin3.mat
  artifactKey: Guid(bc58aa514ab258f4893db2112f1454c6) Importer(815301076,1909f56bfc062723c751e8b465ee728b)
Start importing Assets/Military/Materials URP/URP_Backpack1_Skin3.mat using Guid(bc58aa514ab258f4893db2112f1454c6) Importer(815301076,1909f56bfc062723c751e8b465ee728b) (PreviewImporter) -> (artifact id: '9f3a6400e64e245c193bbdeb0e9f1346') in 0.019783 seconds
Number of updated asset objects reloaded before import = 0Number of asset objects unloaded after import = 6

========================================================================
Received Import Request.
  Time since last request: 0.843110 seconds.
  path: Assets/Military/Prefab/Lighting.prefab
  artifactKey: Guid(b1765a45445c20047b67651862aae6a5) Importer(815301076,1909f56bfc062723c751e8b465ee728b)
Start importing Assets/Military/Prefab/Lighting.prefab using Guid(b1765a45445c20047b67651862aae6a5) Importer(815301076,1909f56bfc062723c751e8b465ee728b) (PreviewImporter) -> (artifact id: '30a56cb2954e2172376c5f5cd91cdbd9') in 0.0102312 seconds
Number of updated asset objects reloaded before import = 0Number of asset objects unloaded after import = 28

========================================================================
Received Import Request.
  Time since last request: 0.000022 seconds.
  path: Assets/Military/Prefab/SK_Military_Survivalist (3).prefab
  artifactKey: Guid(863c031a8670d3e4d8708b005a77bc33) Importer(815301076,1909f56bfc062723c751e8b465ee728b)
Start importing Assets/Military/Prefab/SK_Military_Survivalist (3).prefab using Guid(863c031a8670d3e4d8708b005a77bc33) Importer(815301076,1909f56bfc062723c751e8b465ee728b) (PreviewImporter) -> (artifact id: '08b676685abbf3c499e14cc790d62423') in 0.4083608 seconds
Number of updated asset objects reloaded before import = 0Number of asset objects unloaded after import = 255

========================================================================
Received Import Request.
  Time since last request: 0.000040 seconds.
  path: Assets/Military/Prefab/SK_Military_FPS_Survivalist (1).prefab
  artifactKey: Guid(832f2f1b5403b4a4ca05861efdc7e86b) Importer(815301076,1909f56bfc062723c751e8b465ee728b)
Start importing Assets/Military/Prefab/SK_Military_FPS_Survivalist (1).prefab using Guid(832f2f1b5403b4a4ca05861efdc7e86b) Importer(815301076,1909f56bfc062723c751e8b465ee728b) (PreviewImporter) -> (artifact id: '86cda80b7e559c1e706467e9644c4f2c') in 0.2172786 seconds
Number of updated asset objects reloaded before import = 0Number of asset objects unloaded after import = 251

========================================================================
Received Import Request.
  Time since last request: 10.727878 seconds.
  path: Assets/Military/Texture/Body/T_Military_Hands1_ao.png
  artifactKey: Guid(c82bf507729e3cf43a7b3fe591d80d19) Importer(815301076,1909f56bfc062723c751e8b465ee728b)
Start importing Assets/Military/Texture/Body/T_Military_Hands1_ao.png using Guid(c82bf507729e3cf43a7b3fe591d80d19) Importer(815301076,1909f56bfc062723c751e8b465ee728b) (PreviewImporter) -> (artifact id: '26726854845083979e73db4bfb53ff0e') in 0.0175755 seconds
Number of updated asset objects reloaded before import = 0Number of asset objects unloaded after import = 2

========================================================================
Received Import Request.
  Time since last request: 0.000026 seconds.
  path: Assets/Military/Texture/Body/T_Military_Head1_ao.png
  artifactKey: Guid(b9d36d1ce62c19a4ca3cc90f4cc60c6b) Importer(815301076,1909f56bfc062723c751e8b465ee728b)
Start importing Assets/Military/Texture/Body/T_Military_Head1_ao.png using Guid(b9d36d1ce62c19a4ca3cc90f4cc60c6b) Importer(815301076,1909f56bfc062723c751e8b465ee728b) (PreviewImporter) -> (artifact id: 'f3950e048c19de098bed81760c0d1394') in 0.0089572 seconds
Number of updated asset objects reloaded before import = 0Number of asset objects unloaded after import = 2

========================================================================
Received Import Request.
  Time since last request: 0.000026 seconds.
  path: Assets/Military/Texture/Body/T_Military_Head1_color.png
  artifactKey: Guid(015bbd3592785c44291c22979bc11c93) Importer(815301076,1909f56bfc062723c751e8b465ee728b)
Start importing Assets/Military/Texture/Body/T_Military_Head1_color.png using Guid(015bbd3592785c44291c22979bc11c93) Importer(815301076,1909f56bfc062723c751e8b465ee728b) (PreviewImporter) -> (artifact id: '314a954293764080413fbe5a924112ed') in 0.010067 seconds
Number of updated asset objects reloaded before import = 0Number of asset objects unloaded after import = 2

========================================================================
Received Import Request.
  Time since last request: 0.000024 seconds.
  path: Assets/Military/Texture/Body/T_Military_Hands1_color_skin1.png
  artifactKey: Guid(5a1493941ff18e644bb74f1bad66560a) Importer(815301076,1909f56bfc062723c751e8b465ee728b)
Start importing Assets/Military/Texture/Body/T_Military_Hands1_color_skin1.png using Guid(5a1493941ff18e644bb74f1bad66560a) Importer(815301076,1909f56bfc062723c751e8b465ee728b) (PreviewImporter) -> (artifact id: 'c6565d8ab2d57f7b1882fc951dfc1dde') in 0.0106539 seconds
Number of updated asset objects reloaded before import = 0Number of asset objects unloaded after import = 2

========================================================================
Received Import Request.
  Time since last request: 2.943157 seconds.
  path: Assets/Military/Texture/Bottom/T_Military_Boots3_nmap.png
  artifactKey: Guid(3a346a2e3e92ea340a87855fc9d44b1c) Importer(815301076,1909f56bfc062723c751e8b465ee728b)
Start importing Assets/Military/Texture/Bottom/T_Military_Boots3_nmap.png using Guid(3a346a2e3e92ea340a87855fc9d44b1c) Importer(815301076,1909f56bfc062723c751e8b465ee728b) (PreviewImporter) -> (artifact id: 'dcf670a054798be10b354231f51e2cc9') in 0.0182995 seconds
Number of updated asset objects reloaded before import = 0Number of asset objects unloaded after import = 2

========================================================================
Received Import Request.
  Time since last request: 0.000018 seconds.
  path: Assets/Military/Texture/Bottom/T_Military_Boots3_rough.png
  artifactKey: Guid(e3f87c0253ba1b746a63c35d26993eeb) Importer(815301076,1909f56bfc062723c751e8b465ee728b)
Start importing Assets/Military/Texture/Bottom/T_Military_Boots3_rough.png using Guid(e3f87c0253ba1b746a63c35d26993eeb) Importer(815301076,1909f56bfc062723c751e8b465ee728b) (PreviewImporter) -> (artifact id: '505abc0304ba324a5f4d252ca2f3f3c8') in 0.0398509 seconds
Number of updated asset objects reloaded before import = 0Number of asset objects unloaded after import = 2

========================================================================
Received Import Request.
  Time since last request: 0.000023 seconds.
  path: Assets/Military/Texture/Bottom/T_Military_Boots3_Skin3_color.png
  artifactKey: Guid(0da80995ef29b9c4497f13b50d6c0763) Importer(815301076,1909f56bfc062723c751e8b465ee728b)
Start importing Assets/Military/Texture/Bottom/T_Military_Boots3_Skin3_color.png using Guid(0da80995ef29b9c4497f13b50d6c0763) Importer(815301076,1909f56bfc062723c751e8b465ee728b) (PreviewImporter) -> (artifact id: 'dbb4753babea65d1f120707225ad2b2a') in 0.0252986 seconds
Number of updated asset objects reloaded before import = 0Number of asset objects unloaded after import = 2

========================================================================
Received Import Request.
  Time since last request: 0.671895 seconds.
  path: Assets/Military/Texture/Equip/T_Military_Backpack1_color_skin2.png
  artifactKey: Guid(6f155a5c4cbfb084bbbc7167159b44b6) Importer(815301076,1909f56bfc062723c751e8b465ee728b)
Start importing Assets/Military/Texture/Equip/T_Military_Backpack1_color_skin2.png using Guid(6f155a5c4cbfb084bbbc7167159b44b6) Importer(815301076,1909f56bfc062723c751e8b465ee728b) (PreviewImporter) -> (artifact id: 'b481966ec7518170b0d7ce21cfcf53a0') in 0.0102055 seconds
Number of updated asset objects reloaded before import = 0Number of asset objects unloaded after import = 2

========================================================================
Received Import Request.
  Time since last request: 0.000025 seconds.
  path: Assets/Military/Texture/Equip/T_Military_Gloves1_nmap.png
  artifactKey: Guid(949e6074c51d956409e2d8489d8cce4d) Importer(815301076,1909f56bfc062723c751e8b465ee728b)
Start importing Assets/Military/Texture/Equip/T_Military_Gloves1_nmap.png using Guid(949e6074c51d956409e2d8489d8cce4d) Importer(815301076,1909f56bfc062723c751e8b465ee728b) (PreviewImporter) -> (artifact id: '812744838f2ba8633b5ac66a7f6cd6ef') in 0.0340621 seconds
Number of updated asset objects reloaded before import = 0Number of asset objects unloaded after import = 2

========================================================================
Received Import Request.
  Time since last request: 0.000017 seconds.
  path: Assets/Military/Texture/Equip/T_Military_Backpack1_color_skin4.png
  artifactKey: Guid(26fb4a5185ddebf43bfc897b08ef4d4e) Importer(815301076,1909f56bfc062723c751e8b465ee728b)
Start importing Assets/Military/Texture/Equip/T_Military_Backpack1_color_skin4.png using Guid(26fb4a5185ddebf43bfc897b08ef4d4e) Importer(815301076,1909f56bfc062723c751e8b465ee728b) (PreviewImporter) -> (artifact id: '2a17052f254a74bda8f12035b871397d') in 0.0209455 seconds
Number of updated asset objects reloaded before import = 0Number of asset objects unloaded after import = 2

========================================================================
Received Import Request.
  Time since last request: 0.000041 seconds.
  path: Assets/Military/Texture/Equip/T_Military_Gloves1_color_skin1.png
  artifactKey: Guid(3e45fffb71f825445863ecd6ef0932e0) Importer(815301076,1909f56bfc062723c751e8b465ee728b)
Start importing Assets/Military/Texture/Equip/T_Military_Gloves1_color_skin1.png using Guid(3e45fffb71f825445863ecd6ef0932e0) Importer(815301076,1909f56bfc062723c751e8b465ee728b) (PreviewImporter) -> (artifact id: '2b6dc379c9f90e8378a15e403583c731') in 0.0098386 seconds
Number of updated asset objects reloaded before import = 0Number of asset objects unloaded after import = 2

========================================================================
Received Import Request.
  Time since last request: 0.000033 seconds.
  path: Assets/Military/Texture/Equip/T_Military_Backpack1_rough.png
  artifactKey: Guid(c79d7ce5dbf49454da8557bd2e78fcd6) Importer(815301076,1909f56bfc062723c751e8b465ee728b)
Start importing Assets/Military/Texture/Equip/T_Military_Backpack1_rough.png using Guid(c79d7ce5dbf49454da8557bd2e78fcd6) Importer(815301076,1909f56bfc062723c751e8b465ee728b) (PreviewImporter) -> (artifact id: 'e03e2a161e91bd2cfd222227b8087242') in 0.0181868 seconds
Number of updated asset objects reloaded before import = 0Number of asset objects unloaded after import = 2

========================================================================
Received Import Request.
  Time since last request: 0.000035 seconds.
  path: Assets/Military/Texture/Equip/T_Military_Gloves1_rough.png
  artifactKey: Guid(01249ad885098a948bfbf6099bdc7796) Importer(815301076,1909f56bfc062723c751e8b465ee728b)
Start importing Assets/Military/Texture/Equip/T_Military_Gloves1_rough.png using Guid(01249ad885098a948bfbf6099bdc7796) Importer(815301076,1909f56bfc062723c751e8b465ee728b) (PreviewImporter) -> (artifact id: 'bca16340327fc3a950590799c7cae18a') in 0.0166392 seconds
Number of updated asset objects reloaded before import = 0Number of asset objects unloaded after import = 2

========================================================================
Received Import Request.
  Time since last request: 0.000122 seconds.
  path: Assets/Military/Texture/Equip/T_Military_Pouches1_Skin2_color.png
  artifactKey: Guid(fbb068a8375792742b5e803036aa8d4d) Importer(815301076,1909f56bfc062723c751e8b465ee728b)
Start importing Assets/Military/Texture/Equip/T_Military_Pouches1_Skin2_color.png using Guid(fbb068a8375792742b5e803036aa8d4d) Importer(815301076,1909f56bfc062723c751e8b465ee728b) (PreviewImporter) -> (artifact id: '964d9f9ea66e75b0829635b060a5d3e2') in 0.0188272 seconds
Number of updated asset objects reloaded before import = 0Number of asset objects unloaded after import = 2

========================================================================
Received Import Request.
  Time since last request: 0.391975 seconds.
  path: Assets/Military/Texture/FPS_Arms/T_Military_Hands3_nmap.png
  artifactKey: Guid(6e7a1024a86687242a7147bcef784764) Importer(815301076,1909f56bfc062723c751e8b465ee728b)
Start importing Assets/Military/Texture/FPS_Arms/T_Military_Hands3_nmap.png using Guid(6e7a1024a86687242a7147bcef784764) Importer(815301076,1909f56bfc062723c751e8b465ee728b) (PreviewImporter) -> (artifact id: '58fb35ab31e9c39d4865828981b78f17') in 0.0165675 seconds
Number of updated asset objects reloaded before import = 0Number of asset objects unloaded after import = 2

========================================================================
Received Import Request.
  Time since last request: 0.642520 seconds.
  path: Assets/Military/Texture/Top/T_Military_Caps1_nmap.png
  artifactKey: Guid(195be4d6f16c7954ca199d771d8bec22) Importer(815301076,1909f56bfc062723c751e8b465ee728b)
Start importing Assets/Military/Texture/Top/T_Military_Caps1_nmap.png using Guid(195be4d6f16c7954ca199d771d8bec22) Importer(815301076,1909f56bfc062723c751e8b465ee728b) (PreviewImporter) -> (artifact id: 'bc9042e86c48ed365c8089bbbcc5b6c4') in 0.0112488 seconds
Number of updated asset objects reloaded before import = 0Number of asset objects unloaded after import = 2

========================================================================
Received Import Request.
  Time since last request: 0.000082 seconds.
  path: Assets/Military/Texture/Top/T_Military_Shirt3_Skin3_color.png
  artifactKey: Guid(9878fef611633ff45af9a501cf14adb4) Importer(815301076,1909f56bfc062723c751e8b465ee728b)
Start importing Assets/Military/Texture/Top/T_Military_Shirt3_Skin3_color.png using Guid(9878fef611633ff45af9a501cf14adb4) Importer(815301076,1909f56bfc062723c751e8b465ee728b) (PreviewImporter) -> (artifact id: '490296f38c9b96f759c6f30ccde94421') in 0.0122693 seconds
Number of updated asset objects reloaded before import = 0Number of asset objects unloaded after import = 2

========================================================================
Received Import Request.
  Time since last request: 0.000026 seconds.
  path: Assets/Military/Texture/Top/T_Military_Shirt3_ao.png
  artifactKey: Guid(8fab7c1d184c98d4eb2c25e1b6a41286) Importer(815301076,1909f56bfc062723c751e8b465ee728b)
Start importing Assets/Military/Texture/Top/T_Military_Shirt3_ao.png using Guid(8fab7c1d184c98d4eb2c25e1b6a41286) Importer(815301076,1909f56bfc062723c751e8b465ee728b) (PreviewImporter) -> (artifact id: 'c7ed33da8c126b6281468439e48a2192') in 0.0126335 seconds
Number of updated asset objects reloaded before import = 0Number of asset objects unloaded after import = 2

========================================================================
Received Import Request.
  Time since last request: 0.000022 seconds.
  path: Assets/Military/Texture/Top/T_Military_Shirt3_Skin1_color.png
  artifactKey: Guid(f6fb9df16e157804590e9c7b8b63df84) Importer(815301076,1909f56bfc062723c751e8b465ee728b)
Start importing Assets/Military/Texture/Top/T_Military_Shirt3_Skin1_color.png using Guid(f6fb9df16e157804590e9c7b8b63df84) Importer(815301076,1909f56bfc062723c751e8b465ee728b) (PreviewImporter) -> (artifact id: 'a01ded1a7f2e04087a536d117bc4b5cc') in 0.0083193 seconds
Number of updated asset objects reloaded before import = 0Number of asset objects unloaded after import = 2

========================================================================
Received Import Request.
  Time since last request: 0.000029 seconds.
  path: Assets/Military/Texture/Top/T_Military_Caps1_Skin3_color.png
  artifactKey: Guid(818a2037f0d09c341a8f02e2c58533ae) Importer(815301076,1909f56bfc062723c751e8b465ee728b)
Start importing Assets/Military/Texture/Top/T_Military_Caps1_Skin3_color.png using Guid(818a2037f0d09c341a8f02e2c58533ae) Importer(815301076,1909f56bfc062723c751e8b465ee728b) (PreviewImporter) -> (artifact id: 'd7ef8c0bb9aa5c68ef5523285d5a6594') in 0.0097881 seconds
Number of updated asset objects reloaded before import = 0Number of asset objects unloaded after import = 2

========================================================================
Received Import Request.
  Time since last request: 67.754695 seconds.
  path: Assets/Military/StarterAssets/Environment/Art/Models/Stairs_200x100x200_Mesh.fbx
  artifactKey: Guid(fce3bf5a5b603db45ab0048fb6ab44df) Importer(815301076,1909f56bfc062723c751e8b465ee728b)
Start importing Assets/Military/StarterAssets/Environment/Art/Models/Stairs_200x100x200_Mesh.fbx using Guid(fce3bf5a5b603db45ab0048fb6ab44df) Importer(815301076,1909f56bfc062723c751e8b465ee728b) (PreviewImporter) -> (artifact id: '331587c285af9316a942a85e30136f46') in 0.0686828 seconds
Number of updated asset objects reloaded before import = 0Number of asset objects unloaded after import = 15

========================================================================
Received Import Request.
  Time since last request: 13.561364 seconds.
  path: Assets/Military/StarterAssets/Environment/Art/Models/Box_350x250x300_Mesh.fbx
  artifactKey: Guid(d2f0da3998423f44594868ffed55c3e6) Importer(815301076,1909f56bfc062723c751e8b465ee728b)
Start importing Assets/Military/StarterAssets/Environment/Art/Models/Box_350x250x300_Mesh.fbx using Guid(d2f0da3998423f44594868ffed55c3e6) Importer(815301076,1909f56bfc062723c751e8b465ee728b) (PreviewImporter) -> (artifact id: 'edea1437176111bd6ffe58460cd89c9c') in 0.0145166 seconds
Number of updated asset objects reloaded before import = 0Number of asset objects unloaded after import = 8

========================================================================
Received Prepare
Begin MonoManager ReloadAssembly
- Loaded All Assemblies, in  0.388 seconds
Refreshing native plugins compatible for Editor in 0.12 ms, found 0 plugins.
Native extension for WindowsStandalone target not found
Native extension for WebGL target not found
Mono: successfully reloaded assembly
- Finished resetting the current domain, in  0.373 seconds
Domain Reload Profiling: 761ms
	BeginReloadAssembly (177ms)
		ExecutionOrderSort (0ms)
		DisableScriptedObjects (6ms)
		BackupInstance (0ms)
		ReleaseScriptingObjects (0ms)
		CreateAndSetChildDomain (34ms)
	RebuildCommonClasses (39ms)
	RebuildNativeTypeToScriptingClass (14ms)
	initialDomainReloadingComplete (24ms)
	LoadAllAssembliesAndSetupDomain (133ms)
		LoadAssemblies (205ms)
		RebuildTransferFunctionScriptingTraits (0ms)
		AnalyzeDomain (26ms)
			TypeCache.Refresh (4ms)
				TypeCache.ScanAssembly (0ms)
			BuildScriptInfoCaches (18ms)
			ResolveRequiredComponents (2ms)
	FinalizeReload (374ms)
		ReleaseScriptCaches (0ms)
		RebuildScriptCaches (0ms)
		SetupLoadedEditorAssemblies (258ms)
			LogAssemblyErrors (0ms)
			InitializePlatformSupportModulesInManaged (3ms)
			SetLoadedEditorAssemblies (3ms)
			BeforeProcessingInitializeOnLoad (65ms)
			ProcessInitializeOnLoadAttributes (141ms)
			ProcessInitializeOnLoadMethodAttributes (39ms)
			AfterProcessingInitializeOnLoad (6ms)
			EditorAssembliesLoaded (0ms)
		ExecutionOrderSort2 (0ms)
		AwakeInstancesAfterBackupRestoration (9ms)
Refreshing native plugins compatible for Editor in 0.29 ms, found 0 plugins.
Preloading 0 native plugins for Editor in 0.00 ms.
Unloading 0 Unused Serialized files (Serialized files now loaded: 0)
Unloading 869 unused Assets / (87.9 KB). Loaded Objects now: 1451.
Memory consumption went from 81.4 MB to 81.3 MB.
Total: 7.712000 ms (FindLiveObjects: 0.262600 ms CreateObjectMapping: 0.058700 ms MarkObjects: 6.963800 ms  DeleteObjects: 0.390900 ms)

Prepare: number of updated asset objects reloaded= 0
========================================================================
Received Prepare
Refreshing native plugins compatible for Editor in 0.23 ms, found 0 plugins.
Preloading 0 native plugins for Editor in 0.00 ms.
Unloading 0 Unused Serialized files (Serialized files now loaded: 0)
Unloading 865 unused Assets / (119.1 KB). Loaded Objects now: 1448.
Memory consumption went from 81.6 MB to 81.5 MB.
Total: 6.249900 ms (FindLiveObjects: 0.251900 ms CreateObjectMapping: 0.053400 ms MarkObjects: 5.595800 ms  DeleteObjects: 0.347000 ms)

Prepare: number of updated asset objects reloaded= 0
========================================================================
Received Prepare
Begin MonoManager ReloadAssembly
- Loaded All Assemblies, in  0.421 seconds
Refreshing native plugins compatible for Editor in 0.15 ms, found 0 plugins.
Native extension for WindowsStandalone target not found
Native extension for WebGL target not found
Mono: successfully reloaded assembly
- Finished resetting the current domain, in  0.396 seconds
Domain Reload Profiling: 816ms
	BeginReloadAssembly (183ms)
		ExecutionOrderSort (0ms)
		DisableScriptedObjects (7ms)
		BackupInstance (0ms)
		ReleaseScriptingObjects (0ms)
		CreateAndSetChildDomain (30ms)
	RebuildCommonClasses (39ms)
	RebuildNativeTypeToScriptingClass (17ms)
	initialDomainReloadingComplete (31ms)
	LoadAllAssembliesAndSetupDomain (149ms)
		LoadAssemblies (233ms)
		RebuildTransferFunctionScriptingTraits (0ms)
		AnalyzeDomain (30ms)
			TypeCache.Refresh (5ms)
				TypeCache.ScanAssembly (0ms)
			BuildScriptInfoCaches (20ms)
			ResolveRequiredComponents (2ms)
	FinalizeReload (397ms)
		ReleaseScriptCaches (0ms)
		RebuildScriptCaches (0ms)
		SetupLoadedEditorAssemblies (287ms)
			LogAssemblyErrors (0ms)
			InitializePlatformSupportModulesInManaged (3ms)
			SetLoadedEditorAssemblies (4ms)
			BeforeProcessingInitializeOnLoad (75ms)
			ProcessInitializeOnLoadAttributes (160ms)
			ProcessInitializeOnLoadMethodAttributes (37ms)
			AfterProcessingInitializeOnLoad (7ms)
			EditorAssembliesLoaded (0ms)
		ExecutionOrderSort2 (0ms)
		AwakeInstancesAfterBackupRestoration (10ms)
Refreshing native plugins compatible for Editor in 0.20 ms, found 0 plugins.
Preloading 0 native plugins for Editor in 0.00 ms.
Unloading 0 Unused Serialized files (Serialized files now loaded: 0)
Unloading 866 unused Assets / (110.0 KB). Loaded Objects now: 1448.
Memory consumption went from 81.3 MB to 81.2 MB.
Total: 6.271300 ms (FindLiveObjects: 0.232100 ms CreateObjectMapping: 0.051700 ms MarkObjects: 5.620500 ms  DeleteObjects: 0.365100 ms)

Prepare: number of updated asset objects reloaded= 0
========================================================================
Received Prepare
Begin MonoManager ReloadAssembly
- Loaded All Assemblies, in  0.463 seconds
Refreshing native plugins compatible for Editor in 0.17 ms, found 0 plugins.
Native extension for WindowsStandalone target not found
Native extension for WebGL target not found
Mono: successfully reloaded assembly
- Finished resetting the current domain, in  0.502 seconds
Domain Reload Profiling: 964ms
	BeginReloadAssembly (212ms)
		ExecutionOrderSort (0ms)
		DisableScriptedObjects (9ms)
		BackupInstance (0ms)
		ReleaseScriptingObjects (0ms)
		CreateAndSetChildDomain (34ms)
	RebuildCommonClasses (44ms)
	RebuildNativeTypeToScriptingClass (15ms)
	initialDomainReloadingComplete (29ms)
	LoadAllAssembliesAndSetupDomain (162ms)
		LoadAssemblies (265ms)
		RebuildTransferFunctionScriptingTraits (0ms)
		AnalyzeDomain (26ms)
			TypeCache.Refresh (4ms)
				TypeCache.ScanAssembly (0ms)
			BuildScriptInfoCaches (19ms)
			ResolveRequiredComponents (2ms)
	FinalizeReload (503ms)
		ReleaseScriptCaches (0ms)
		RebuildScriptCaches (0ms)
		SetupLoadedEditorAssemblies (359ms)
			LogAssemblyErrors (0ms)
			InitializePlatformSupportModulesInManaged (4ms)
			SetLoadedEditorAssemblies (5ms)
			BeforeProcessingInitializeOnLoad (91ms)
			ProcessInitializeOnLoadAttributes (201ms)
			ProcessInitializeOnLoadMethodAttributes (49ms)
			AfterProcessingInitializeOnLoad (9ms)
			EditorAssembliesLoaded (0ms)
		ExecutionOrderSort2 (0ms)
		AwakeInstancesAfterBackupRestoration (11ms)
Refreshing native plugins compatible for Editor in 0.23 ms, found 0 plugins.
Preloading 0 native plugins for Editor in 0.00 ms.
Unloading 0 Unused Serialized files (Serialized files now loaded: 0)
Unloading 866 unused Assets / (111.2 KB). Loaded Objects now: 1448.
Memory consumption went from 81.3 MB to 81.2 MB.
Total: 7.209600 ms (FindLiveObjects: 0.374800 ms CreateObjectMapping: 0.194800 ms MarkObjects: 6.224100 ms  DeleteObjects: 0.414000 ms)

Prepare: number of updated asset objects reloaded= 0
