Using pre-set license
Built from '6000.0/staging' branch; Version is '6000.0.47f1 (2ad1ed33fd3b) revision 2806253'; Using compiler version '193933523'; Build Type 'Release'
OS: 'Windows 11  (10.0.26100) 64bit Professional' Language: 'it' Physical Memory: 32694 MB
BatchMode: 1, IsHumanControllingUs: 0, StartBugReporterOnCrash: 0, Is64bit: 1, IsPro: 1

COMMAND LINE ARGUMENTS:
C:\Program Files\Unity\Hub\Editor\6000.0.47f1\Editor\Unity.exe
-adb2
-batchMode
-noUpm
-name
AssetImportWorker0
-projectPath
C:/Users/guarn/OneDrive/Desktop/Don't close your eyes
-logFile
Logs/AssetImportWorker0.log
-srvPort
50687
-job-worker-count
5
-background-job-worker-count
8
-gc-helper-count
1
Successfully changed project path to: C:/Users/guarn/OneDrive/Desktop/Don't close your eyes
C:/Users/guarn/OneDrive/Desktop/Don't close your eyes
[UnityMemory] Configuration Parameters - Can be set up in boot.config
    "memorysetup-bucket-allocator-granularity=16"
    "memorysetup-bucket-allocator-bucket-count=8"
    "memorysetup-bucket-allocator-block-size=33554432"
    "memorysetup-bucket-allocator-block-count=8"
    "memorysetup-main-allocator-block-size=16777216"
    "memorysetup-thread-allocator-block-size=16777216"
    "memorysetup-gfx-main-allocator-block-size=16777216"
    "memorysetup-gfx-thread-allocator-block-size=16777216"
    "memorysetup-cache-allocator-block-size=4194304"
    "memorysetup-typetree-allocator-block-size=2097152"
    "memorysetup-profiler-bucket-allocator-granularity=16"
    "memorysetup-profiler-bucket-allocator-bucket-count=8"
    "memorysetup-profiler-bucket-allocator-block-size=33554432"
    "memorysetup-profiler-bucket-allocator-block-count=8"
    "memorysetup-profiler-allocator-block-size=16777216"
    "memorysetup-profiler-editor-allocator-block-size=1048576"
    "memorysetup-temp-allocator-size-main=16777216"
    "memorysetup-job-temp-allocator-block-size=2097152"
    "memorysetup-job-temp-allocator-block-size-background=1048576"
    "memorysetup-job-temp-allocator-reduction-small-platforms=262144"
    "memorysetup-allocator-temp-initial-block-size-main=262144"
    "memorysetup-allocator-temp-initial-block-size-worker=262144"
    "memorysetup-temp-allocator-size-background-worker=32768"
    "memorysetup-temp-allocator-size-job-worker=262144"
    "memorysetup-temp-allocator-size-preload-manager=33554432"
    "memorysetup-temp-allocator-size-nav-mesh-worker=65536"
    "memorysetup-temp-allocator-size-audio-worker=65536"
    "memorysetup-temp-allocator-size-cloud-worker=32768"
    "memorysetup-temp-allocator-size-gi-baking-worker=262144"
    "memorysetup-temp-allocator-size-gi-baking-worker=262144"
    "memorysetup-temp-allocator-size-gi-baking-worker=262144"
    "memorysetup-temp-allocator-size-gi-baking-worker=262144"
    "memorysetup-temp-allocator-size-gi-baking-worker=262144"
    "memorysetup-temp-allocator-size-gfx=262144"
Player connection [1240]  Target information:

Player connection [1240]  * "[IP] 192.168.56.1 [Port] 0 [Flags] 2 [Guid] 3466455614 [EditorId] 3466455614 [Version] 1048832 [Id] WindowsEditor(7,David) [Debug] 1 [PackageName] WindowsEditor [ProjectName] Editor" 

Player connection [1240]  * "[IP] 192.168.142.83 [Port] 0 [Flags] 2 [Guid] 3466455614 [EditorId] 3466455614 [Version] 1048832 [Id] WindowsEditor(7,David) [Debug] 1 [PackageName] WindowsEditor [ProjectName] Editor" 

Player connection [1240] Host joined multi-casting on [225.0.0.222:54997]...
Player connection [1240] Host joined alternative multi-casting on [225.0.0.222:34997]...
JobSystem: Creating JobQueue using job-worker-count value 5
Input System module state changed to: Initialized.
[Physics::Module] Initialized fallback backend.
[Physics::Module] Id: 0xdecafbad
Library Redirect Path: Library/
[Physics::Module] Selected backend.
[Physics::Module] Name: PhysX
[Physics::Module] Id: 0xf2b8ea05
[Physics::Module] SDK Version: 4.1.2
[Physics::Module] Integration Version: 1.0.0
[Physics::Module] Threading Mode: Multi-Threaded
Refreshing native plugins compatible for Editor in 0.20 ms, found 0 plugins.
Preloading 0 native plugins for Editor in 0.00 ms.
Initialize engine version: 6000.0.47f1 (2ad1ed33fd3b)
[Subsystems] Discovering subsystems at path C:/Program Files/Unity/Hub/Editor/6000.0.47f1/Editor/Data/Resources/UnitySubsystems
[Subsystems] Discovering subsystems at path C:/Users/guarn/OneDrive/Desktop/Don't close your eyes/Assets
GfxDevice: creating device client; kGfxThreadingModeNonThreaded
Direct3D:
    Version:  Direct3D 11.0 [level 11.1]
    Renderer: NVIDIA GeForce RTX 4070 (ID=0x2709)
    Vendor:   NVIDIA
    VRAM:     12011 MB
    Driver:   32.0.15.7247
Initialize mono
Mono path[0] = 'C:/Program Files/Unity/Hub/Editor/6000.0.47f1/Editor/Data/Managed'
Mono path[1] = 'C:/Program Files/Unity/Hub/Editor/6000.0.47f1/Editor/Data/MonoBleedingEdge/lib/mono/unityjit-win32'
Mono config path = 'C:/Program Files/Unity/Hub/Editor/6000.0.47f1/Editor/Data/MonoBleedingEdge/etc'
Using monoOptions --debugger-agent=transport=dt_socket,embedding=1,server=y,suspend=n,address=127.0.0.1:56192
Begin MonoManager ReloadAssembly
Registering precompiled unity dll's ...
Register platform support module: C:/Program Files/Unity/Hub/Editor/6000.0.47f1/Editor/Data/PlaybackEngines/WebGLSupport/UnityEditor.WebGL.Extensions.dll
Register platform support module: C:/Program Files/Unity/Hub/Editor/6000.0.47f1/Editor/Data/PlaybackEngines/WindowsStandaloneSupport/UnityEditor.WindowsStandalone.Extensions.dll
Registered in 0.005048 seconds.
- Loaded All Assemblies, in  0.480 seconds
Native extension for WindowsStandalone target not found
Native extension for WebGL target not found
Mono: successfully reloaded assembly
- Finished resetting the current domain, in  0.417 seconds
Domain Reload Profiling: 895ms
	BeginReloadAssembly (157ms)
		ExecutionOrderSort (0ms)
		DisableScriptedObjects (0ms)
		BackupInstance (0ms)
		ReleaseScriptingObjects (0ms)
		CreateAndSetChildDomain (1ms)
	RebuildCommonClasses (56ms)
	RebuildNativeTypeToScriptingClass (13ms)
	initialDomainReloadingComplete (58ms)
	LoadAllAssembliesAndSetupDomain (193ms)
		LoadAssemblies (152ms)
		RebuildTransferFunctionScriptingTraits (0ms)
		AnalyzeDomain (190ms)
			TypeCache.Refresh (187ms)
				TypeCache.ScanAssembly (170ms)
			BuildScriptInfoCaches (0ms)
			ResolveRequiredComponents (1ms)
	FinalizeReload (418ms)
		ReleaseScriptCaches (0ms)
		RebuildScriptCaches (0ms)
		SetupLoadedEditorAssemblies (373ms)
			LogAssemblyErrors (0ms)
			InitializePlatformSupportModulesInManaged (26ms)
			SetLoadedEditorAssemblies (5ms)
			BeforeProcessingInitializeOnLoad (66ms)
			ProcessInitializeOnLoadAttributes (201ms)
			ProcessInitializeOnLoadMethodAttributes (74ms)
			AfterProcessingInitializeOnLoad (0ms)
			EditorAssembliesLoaded (0ms)
		ExecutionOrderSort2 (0ms)
		AwakeInstancesAfterBackupRestoration (0ms)
========================================================================
Worker process is ready to serve import requests
Import Worker Mode flag is 0x00
Begin MonoManager ReloadAssembly
- Loaded All Assemblies, in  0.503 seconds
Refreshing native plugins compatible for Editor in 0.14 ms, found 0 plugins.
Native extension for WindowsStandalone target not found
Native extension for WebGL target not found
Mono: successfully reloaded assembly
- Finished resetting the current domain, in  0.430 seconds
Domain Reload Profiling: 930ms
	BeginReloadAssembly (197ms)
		ExecutionOrderSort (0ms)
		DisableScriptedObjects (9ms)
		BackupInstance (0ms)
		ReleaseScriptingObjects (0ms)
		CreateAndSetChildDomain (33ms)
	RebuildCommonClasses (49ms)
	RebuildNativeTypeToScriptingClass (15ms)
	initialDomainReloadingComplete (44ms)
	LoadAllAssembliesAndSetupDomain (195ms)
		LoadAssemblies (259ms)
		RebuildTransferFunctionScriptingTraits (0ms)
		AnalyzeDomain (50ms)
			TypeCache.Refresh (38ms)
				TypeCache.ScanAssembly (26ms)
			BuildScriptInfoCaches (7ms)
			ResolveRequiredComponents (2ms)
	FinalizeReload (430ms)
		ReleaseScriptCaches (0ms)
		RebuildScriptCaches (0ms)
		SetupLoadedEditorAssemblies (310ms)
			LogAssemblyErrors (0ms)
			InitializePlatformSupportModulesInManaged (4ms)
			SetLoadedEditorAssemblies (4ms)
			BeforeProcessingInitializeOnLoad (79ms)
			ProcessInitializeOnLoadAttributes (170ms)
			ProcessInitializeOnLoadMethodAttributes (46ms)
			AfterProcessingInitializeOnLoad (7ms)
			EditorAssembliesLoaded (0ms)
		ExecutionOrderSort2 (0ms)
		AwakeInstancesAfterBackupRestoration (9ms)
Launched and connected shader compiler UnityShaderCompiler.exe after 0.01 seconds
Refreshing native plugins compatible for Editor in 0.26 ms, found 0 plugins.
Preloading 0 native plugins for Editor in 0.00 ms.
Unloading 7 Unused Serialized files (Serialized files now loaded: 0)
Unloading 867 unused Assets / (153.4 KB). Loaded Objects now: 1389.
Memory consumption went from 70.8 MB to 70.6 MB.
Total: 7.488200 ms (FindLiveObjects: 0.273300 ms CreateObjectMapping: 0.054300 ms MarkObjects: 6.671100 ms  DeleteObjects: 0.484400 ms)

========================================================================
Received Import Request.
  Time since last request: 976396.632692 seconds.
  path: Assets/6twelve/Materials/Grass_02.mat
  artifactKey: Guid(4a043ac121aafa446969fc9e6f86edca) Importer(815301076,1909f56bfc062723c751e8b465ee728b)
Start importing Assets/6twelve/Materials/Grass_02.mat using Guid(4a043ac121aafa446969fc9e6f86edca) Importer(815301076,1909f56bfc062723c751e8b465ee728b) (PreviewImporter) -> (artifact id: '8d1bbf0b8d18f9966060f1dfe307390d') in 0.1883852 seconds
Number of updated asset objects reloaded before import = 0Number of asset objects unloaded after import = 2

========================================================================
Received Import Request.
  Time since last request: 0.000038 seconds.
  path: Assets/6twelve/Materials/Food_shelf_03.mat
  artifactKey: Guid(e16b2f5a4f9335541a19d71936798748) Importer(815301076,1909f56bfc062723c751e8b465ee728b)
Start importing Assets/6twelve/Materials/Food_shelf_03.mat using Guid(e16b2f5a4f9335541a19d71936798748) Importer(815301076,1909f56bfc062723c751e8b465ee728b) (PreviewImporter) -> (artifact id: 'afc91850da9c50409528d654e9a98a8d') in 0.0090055 seconds
Number of updated asset objects reloaded before import = 0Number of asset objects unloaded after import = 2

========================================================================
Received Import Request.
  Time since last request: 0.000025 seconds.
  path: Assets/6twelve/Materials/Garbage_bag.mat
  artifactKey: Guid(3ab8aff80fd06be428431bf5c1c594f5) Importer(815301076,1909f56bfc062723c751e8b465ee728b)
Start importing Assets/6twelve/Materials/Garbage_bag.mat using Guid(3ab8aff80fd06be428431bf5c1c594f5) Importer(815301076,1909f56bfc062723c751e8b465ee728b) (PreviewImporter) -> (artifact id: 'f86e34113e44125116b524041f3ec4b9') in 0.060125 seconds
Number of updated asset objects reloaded before import = 0Number of asset objects unloaded after import = 2

========================================================================
Received Import Request.
  Time since last request: 0.000048 seconds.
  path: Assets/6twelve/Materials/ice_cream_popsicles.mat
  artifactKey: Guid(1bf6da83ed2dcb545945128c58081ebf) Importer(815301076,1909f56bfc062723c751e8b465ee728b)
Start importing Assets/6twelve/Materials/ice_cream_popsicles.mat using Guid(1bf6da83ed2dcb545945128c58081ebf) Importer(815301076,1909f56bfc062723c751e8b465ee728b) (PreviewImporter) -> (artifact id: 'b6eb123a7bb273dc3ad3b7989df47b12') in 0.0114466 seconds
Number of updated asset objects reloaded before import = 0Number of asset objects unloaded after import = 2

========================================================================
Received Import Request.
  Time since last request: 0.000099 seconds.
  path: Assets/6twelve/Materials/Grass.mat
  artifactKey: Guid(110f39c08c50a504b9f8eaa1676738ca) Importer(815301076,1909f56bfc062723c751e8b465ee728b)
Start importing Assets/6twelve/Materials/Grass.mat using Guid(110f39c08c50a504b9f8eaa1676738ca) Importer(815301076,1909f56bfc062723c751e8b465ee728b) (PreviewImporter) -> (artifact id: '3c707a59e74d5368049f7c9c929e45bf') in 0.0079284 seconds
Number of updated asset objects reloaded before import = 0Number of asset objects unloaded after import = 2

========================================================================
Received Import Request.
  Time since last request: 0.000023 seconds.
  path: Assets/6twelve/Materials/Leather_01.mat
  artifactKey: Guid(e460d2b46b4efa440a03f11d1ea71395) Importer(815301076,1909f56bfc062723c751e8b465ee728b)
Start importing Assets/6twelve/Materials/Leather_01.mat using Guid(e460d2b46b4efa440a03f11d1ea71395) Importer(815301076,1909f56bfc062723c751e8b465ee728b) (PreviewImporter) -> (artifact id: '2bf3c7c1063251177e7ed7d8dd5c3170') in 0.0085377 seconds
Number of updated asset objects reloaded before import = 0Number of asset objects unloaded after import = 2

========================================================================
Received Import Request.
  Time since last request: 0.000025 seconds.
  path: Assets/6twelve/Materials/Lottery.mat
  artifactKey: Guid(dc4109fa9d562f04492e9179739cec14) Importer(815301076,1909f56bfc062723c751e8b465ee728b)
Start importing Assets/6twelve/Materials/Lottery.mat using Guid(dc4109fa9d562f04492e9179739cec14) Importer(815301076,1909f56bfc062723c751e8b465ee728b) (PreviewImporter) -> (artifact id: 'b445af7e0ade7725719b54b6a4302b9e') in 0.0099251 seconds
Number of updated asset objects reloaded before import = 0Number of asset objects unloaded after import = 2

========================================================================
Received Import Request.
  Time since last request: 0.000024 seconds.
  path: Assets/6twelve/Materials/Food_shelf_05.mat
  artifactKey: Guid(22742a0516ae3ae448e8c3ace9f84a10) Importer(815301076,1909f56bfc062723c751e8b465ee728b)
Start importing Assets/6twelve/Materials/Food_shelf_05.mat using Guid(22742a0516ae3ae448e8c3ace9f84a10) Importer(815301076,1909f56bfc062723c751e8b465ee728b) (PreviewImporter) -> (artifact id: '7aac3f3c8f06acf5050b3f286a671ac9') in 0.0100397 seconds
Number of updated asset objects reloaded before import = 0Number of asset objects unloaded after import = 2

========================================================================
Received Import Request.
  Time since last request: 0.000021 seconds.
  path: Assets/6twelve/Materials/Lights_01.mat
  artifactKey: Guid(fcb00165c0591204bbf3029ded6a8ee3) Importer(815301076,1909f56bfc062723c751e8b465ee728b)
Start importing Assets/6twelve/Materials/Lights_01.mat using Guid(fcb00165c0591204bbf3029ded6a8ee3) Importer(815301076,1909f56bfc062723c751e8b465ee728b) (PreviewImporter) -> (artifact id: 'a7b17036f26faa76abfc8d74e0f090d9') in 0.0317418 seconds
Number of updated asset objects reloaded before import = 0Number of asset objects unloaded after import = 3

========================================================================
Received Import Request.
  Time since last request: 11.262616 seconds.
  path: Assets/6twelve/Textures/Alcohol.jpg
  artifactKey: Guid(dabd01454b3a0844884227a527cdac9a) Importer(815301076,1909f56bfc062723c751e8b465ee728b)
Start importing Assets/6twelve/Textures/Alcohol.jpg using Guid(dabd01454b3a0844884227a527cdac9a) Importer(815301076,1909f56bfc062723c751e8b465ee728b) (PreviewImporter) -> (artifact id: '28ce7400e6a9788423b394573187c02b') in 0.0368124 seconds
Number of updated asset objects reloaded before import = 0Number of asset objects unloaded after import = 2

========================================================================
Received Import Request.
  Time since last request: 0.000044 seconds.
  path: Assets/6twelve/Textures/Broom_01.png
  artifactKey: Guid(bab1916c461d7e14a9446adbbac1f0b1) Importer(815301076,1909f56bfc062723c751e8b465ee728b)
Start importing Assets/6twelve/Textures/Broom_01.png using Guid(bab1916c461d7e14a9446adbbac1f0b1) Importer(815301076,1909f56bfc062723c751e8b465ee728b) (PreviewImporter) -> (artifact id: 'b723d1cdabd174af0e295002da9868ae') in 0.0105848 seconds
Number of updated asset objects reloaded before import = 0Number of asset objects unloaded after import = 2

========================================================================
Received Import Request.
  Time since last request: 0.000025 seconds.
  path: Assets/6twelve/Textures/Branches.png
  artifactKey: Guid(e6b8799c959a8dc4c8789ea7d2c34aba) Importer(815301076,1909f56bfc062723c751e8b465ee728b)
Start importing Assets/6twelve/Textures/Branches.png using Guid(e6b8799c959a8dc4c8789ea7d2c34aba) Importer(815301076,1909f56bfc062723c751e8b465ee728b) (PreviewImporter) -> (artifact id: '8e877069cc8ba64e9c8967307c7112e3') in 0.006409 seconds
Number of updated asset objects reloaded before import = 0Number of asset objects unloaded after import = 2

========================================================================
Received Import Request.
  Time since last request: 0.000060 seconds.
  path: Assets/6twelve/Textures/CardboardPlain.jpg
  artifactKey: Guid(d6b3167490d1a27488ee2cda71a908a3) Importer(815301076,1909f56bfc062723c751e8b465ee728b)
Start importing Assets/6twelve/Textures/CardboardPlain.jpg using Guid(d6b3167490d1a27488ee2cda71a908a3) Importer(815301076,1909f56bfc062723c751e8b465ee728b) (PreviewImporter) -> (artifact id: '4bdb9c4437f00e945dfa6a1edf49067c') in 0.0081074 seconds
Number of updated asset objects reloaded before import = 0Number of asset objects unloaded after import = 2

========================================================================
Received Import Request.
  Time since last request: 0.000239 seconds.
  path: Assets/6twelve/Textures/Door_03.jpg
  artifactKey: Guid(a085fcb8f6ccba140820ad48c5d04dac) Importer(815301076,1909f56bfc062723c751e8b465ee728b)
Start importing Assets/6twelve/Textures/Door_03.jpg using Guid(a085fcb8f6ccba140820ad48c5d04dac) Importer(815301076,1909f56bfc062723c751e8b465ee728b) (PreviewImporter) -> (artifact id: '527f242532be7310cf43a8c3e356df88') in 0.0080022 seconds
Number of updated asset objects reloaded before import = 0Number of asset objects unloaded after import = 2

========================================================================
Received Import Request.
  Time since last request: 0.000048 seconds.
  path: Assets/6twelve/Textures/Fabric_01.jpg
  artifactKey: Guid(7acf9430650e73f47b5ff624e47b9165) Importer(815301076,1909f56bfc062723c751e8b465ee728b)
Start importing Assets/6twelve/Textures/Fabric_01.jpg using Guid(7acf9430650e73f47b5ff624e47b9165) Importer(815301076,1909f56bfc062723c751e8b465ee728b) (PreviewImporter) -> (artifact id: 'cf0ace91ee80847c71db9c6c944324bf') in 0.0070049 seconds
Number of updated asset objects reloaded before import = 0Number of asset objects unloaded after import = 2

========================================================================
Received Import Request.
  Time since last request: 0.000024 seconds.
  path: Assets/6twelve/Textures/Asphalt_01.jpg
  artifactKey: Guid(37c63528440a1314ba8bbe55cf3df98a) Importer(815301076,1909f56bfc062723c751e8b465ee728b)
Start importing Assets/6twelve/Textures/Asphalt_01.jpg using Guid(37c63528440a1314ba8bbe55cf3df98a) Importer(815301076,1909f56bfc062723c751e8b465ee728b) (PreviewImporter) -> (artifact id: 'ddef7dc7a259e7d352f9f796af3dbe85') in 0.0061318 seconds
Number of updated asset objects reloaded before import = 0Number of asset objects unloaded after import = 2

========================================================================
Received Import Request.
  Time since last request: 0.000052 seconds.
  path: Assets/6twelve/Textures/Door.jpg
  artifactKey: Guid(ae9c729f5a5943a419e003799808136e) Importer(815301076,1909f56bfc062723c751e8b465ee728b)
Start importing Assets/6twelve/Textures/Door.jpg using Guid(ae9c729f5a5943a419e003799808136e) Importer(815301076,1909f56bfc062723c751e8b465ee728b) (PreviewImporter) -> (artifact id: '58d18b3b65d540e03919b8ae45ca7fa6') in 0.0069482 seconds
Number of updated asset objects reloaded before import = 0Number of asset objects unloaded after import = 2

========================================================================
Received Import Request.
  Time since last request: 0.000021 seconds.
  path: Assets/6twelve/Textures/extinguisher.jpg
  artifactKey: Guid(4d1f938b98ad3064595f762068d840fe) Importer(815301076,1909f56bfc062723c751e8b465ee728b)
Start importing Assets/6twelve/Textures/extinguisher.jpg using Guid(4d1f938b98ad3064595f762068d840fe) Importer(815301076,1909f56bfc062723c751e8b465ee728b) (PreviewImporter) -> (artifact id: '3aeea3f80a7480d1c77d77743cc2d71f') in 0.0076321 seconds
Number of updated asset objects reloaded before import = 0Number of asset objects unloaded after import = 2

========================================================================
Received Import Request.
  Time since last request: 0.747313 seconds.
  path: Assets/6twelve/Textures/Food_shelf_01.jpg
  artifactKey: Guid(a03e837c2b5786e4986dc8628144a47c) Importer(815301076,1909f56bfc062723c751e8b465ee728b)
Start importing Assets/6twelve/Textures/Food_shelf_01.jpg using Guid(a03e837c2b5786e4986dc8628144a47c) Importer(815301076,1909f56bfc062723c751e8b465ee728b) (PreviewImporter) -> (artifact id: '41da0fdb32cbf312f6ddb33519af45eb') in 0.007327 seconds
Number of updated asset objects reloaded before import = 0Number of asset objects unloaded after import = 2

========================================================================
Received Import Request.
  Time since last request: 0.000028 seconds.
  path: Assets/6twelve/Textures/Food_shelf_03.jpg
  artifactKey: Guid(c2795f485ce9d7048ba33368da4c6154) Importer(815301076,1909f56bfc062723c751e8b465ee728b)
Start importing Assets/6twelve/Textures/Food_shelf_03.jpg using Guid(c2795f485ce9d7048ba33368da4c6154) Importer(815301076,1909f56bfc062723c751e8b465ee728b) (PreviewImporter) -> (artifact id: 'fc03c88dd3eff4d318891c1f6dac0e3c') in 0.0190405 seconds
Number of updated asset objects reloaded before import = 0Number of asset objects unloaded after import = 2

========================================================================
Received Import Request.
  Time since last request: 0.075239 seconds.
  path: Assets/6twelve/Textures/Grass_02.jpg
  artifactKey: Guid(251475a4a6d13e443ab71e7937d87845) Importer(815301076,1909f56bfc062723c751e8b465ee728b)
Start importing Assets/6twelve/Textures/Grass_02.jpg using Guid(251475a4a6d13e443ab71e7937d87845) Importer(815301076,1909f56bfc062723c751e8b465ee728b) (PreviewImporter) -> (artifact id: '8bb8b5c2b15d5d24d07e377f01c655a0') in 0.0070481 seconds
Number of updated asset objects reloaded before import = 0Number of asset objects unloaded after import = 2

========================================================================
Received Import Request.
  Time since last request: 0.000060 seconds.
  path: Assets/6twelve/Textures/Hygiene.jpg
  artifactKey: Guid(75648777669c05747840f2db61ffb7bd) Importer(815301076,1909f56bfc062723c751e8b465ee728b)
Start importing Assets/6twelve/Textures/Hygiene.jpg using Guid(75648777669c05747840f2db61ffb7bd) Importer(815301076,1909f56bfc062723c751e8b465ee728b) (PreviewImporter) -> (artifact id: '486c6946a29bd734149273da07466bb7') in 0.0272933 seconds
Number of updated asset objects reloaded before import = 0Number of asset objects unloaded after import = 2

========================================================================
Received Import Request.
  Time since last request: 0.000061 seconds.
  path: Assets/6twelve/Textures/Lights.jpg
  artifactKey: Guid(31f7c483a23ed664ca444b9e11bfd3e1) Importer(815301076,1909f56bfc062723c751e8b465ee728b)
Start importing Assets/6twelve/Textures/Lights.jpg using Guid(31f7c483a23ed664ca444b9e11bfd3e1) Importer(815301076,1909f56bfc062723c751e8b465ee728b) (PreviewImporter) -> (artifact id: '12a2215d64334be03713f4cdd235271b') in 0.0295634 seconds
Number of updated asset objects reloaded before import = 0Number of asset objects unloaded after import = 2

========================================================================
Received Import Request.
  Time since last request: 0.530269 seconds.
  path: Assets/6twelve/Textures/Lights_01_Emissor.png
  artifactKey: Guid(53d3544af98798246b956eb4a2a08eed) Importer(815301076,1909f56bfc062723c751e8b465ee728b)
Start importing Assets/6twelve/Textures/Lights_01_Emissor.png using Guid(53d3544af98798246b956eb4a2a08eed) Importer(815301076,1909f56bfc062723c751e8b465ee728b) (PreviewImporter) -> (artifact id: 'ca6578ea6203761880bc23466478c13f') in 0.0059492 seconds
Number of updated asset objects reloaded before import = 0Number of asset objects unloaded after import = 2

========================================================================
Received Import Request.
  Time since last request: 0.000069 seconds.
  path: Assets/6twelve/Textures/Metal_02.jpg
  artifactKey: Guid(5200046b006874049b43adcac278003b) Importer(815301076,1909f56bfc062723c751e8b465ee728b)
Start importing Assets/6twelve/Textures/Metal_02.jpg using Guid(5200046b006874049b43adcac278003b) Importer(815301076,1909f56bfc062723c751e8b465ee728b) (PreviewImporter) -> (artifact id: '07d905a6fc700e44b00b2ecd94623979') in 0.020073 seconds
Number of updated asset objects reloaded before import = 0Number of asset objects unloaded after import = 2

========================================================================
Received Import Request.
  Time since last request: 0.902935 seconds.
  path: Assets/6twelve/Textures/Metal_04.jpg
  artifactKey: Guid(69112fba0c70aa345bd8bf5c57f68402) Importer(815301076,1909f56bfc062723c751e8b465ee728b)
Start importing Assets/6twelve/Textures/Metal_04.jpg using Guid(69112fba0c70aa345bd8bf5c57f68402) Importer(815301076,1909f56bfc062723c751e8b465ee728b) (PreviewImporter) -> (artifact id: '67b4f113dbf874ff72956768852c0bed') in 0.0198873 seconds
Number of updated asset objects reloaded before import = 0Number of asset objects unloaded after import = 2

========================================================================
Received Import Request.
  Time since last request: 0.000049 seconds.
  path: Assets/6twelve/Textures/Metal_09.jpg
  artifactKey: Guid(c49b13248831db340adcc4698b2b350e) Importer(815301076,1909f56bfc062723c751e8b465ee728b)
Start importing Assets/6twelve/Textures/Metal_09.jpg using Guid(c49b13248831db340adcc4698b2b350e) Importer(815301076,1909f56bfc062723c751e8b465ee728b) (PreviewImporter) -> (artifact id: 'e65f5d3a159da07e2ac1b69e157676a6') in 0.0237288 seconds
Number of updated asset objects reloaded before import = 0Number of asset objects unloaded after import = 2

========================================================================
Received Import Request.
  Time since last request: 2.025966 seconds.
  path: Assets/6twelve/Textures/Mop.png
  artifactKey: Guid(9b3372e3298185d4c9c6c2f2a314d17a) Importer(815301076,1909f56bfc062723c751e8b465ee728b)
Start importing Assets/6twelve/Textures/Mop.png using Guid(9b3372e3298185d4c9c6c2f2a314d17a) Importer(815301076,1909f56bfc062723c751e8b465ee728b) (PreviewImporter) -> (artifact id: 'fe68026d1837beadeeef8cffe98d0779') in 0.0059189 seconds
Number of updated asset objects reloaded before import = 0Number of asset objects unloaded after import = 2

========================================================================
Received Import Request.
  Time since last request: 0.000097 seconds.
  path: Assets/6twelve/Textures/Parking_lot.png
  artifactKey: Guid(55a64e4911311664b82304dc6160e237) Importer(815301076,1909f56bfc062723c751e8b465ee728b)
Start importing Assets/6twelve/Textures/Parking_lot.png using Guid(55a64e4911311664b82304dc6160e237) Importer(815301076,1909f56bfc062723c751e8b465ee728b) (PreviewImporter) -> (artifact id: 'f281679b4db13c799eee2d739de7916d') in 0.0134584 seconds
Number of updated asset objects reloaded before import = 0Number of asset objects unloaded after import = 2

========================================================================
Received Import Request.
  Time since last request: 0.000034 seconds.
  path: Assets/6twelve/Textures/Office.jpg
  artifactKey: Guid(5d72a0eabe402a04ca5120a78fbfd560) Importer(815301076,1909f56bfc062723c751e8b465ee728b)
Start importing Assets/6twelve/Textures/Office.jpg using Guid(5d72a0eabe402a04ca5120a78fbfd560) Importer(815301076,1909f56bfc062723c751e8b465ee728b) (PreviewImporter) -> (artifact id: '35c2da792d399bb7c2a57f0d17730030') in 0.0058285 seconds
Number of updated asset objects reloaded before import = 0Number of asset objects unloaded after import = 2

========================================================================
Received Import Request.
  Time since last request: 0.096284 seconds.
  path: Assets/6twelve/Textures/Plaste.jpg
  artifactKey: Guid(1ae0ed97faa8e384bb3c115622e16d1c) Importer(815301076,1909f56bfc062723c751e8b465ee728b)
Start importing Assets/6twelve/Textures/Plaste.jpg using Guid(1ae0ed97faa8e384bb3c115622e16d1c) Importer(815301076,1909f56bfc062723c751e8b465ee728b) (PreviewImporter) -> (artifact id: '948cfb9436d5523d4a03bb5987acd8dd') in 0.0066647 seconds
Number of updated asset objects reloaded before import = 0Number of asset objects unloaded after import = 2

========================================================================
Received Import Request.
  Time since last request: 0.000055 seconds.
  path: Assets/6twelve/Textures/Plastic_02.png
  artifactKey: Guid(fefb053547d708f4f913eb14a29cb856) Importer(815301076,1909f56bfc062723c751e8b465ee728b)
Start importing Assets/6twelve/Textures/Plastic_02.png using Guid(fefb053547d708f4f913eb14a29cb856) Importer(815301076,1909f56bfc062723c751e8b465ee728b) (PreviewImporter) -> (artifact id: '734958e182de5e76d62521b2eb501879') in 0.0061685 seconds
Number of updated asset objects reloaded before import = 0Number of asset objects unloaded after import = 2

========================================================================
Received Import Request.
  Time since last request: 0.000081 seconds.
  path: Assets/6twelve/Textures/Plastic_04.jpg
  artifactKey: Guid(b4d0662a706e17141a8f703b85a1495c) Importer(815301076,1909f56bfc062723c751e8b465ee728b)
Start importing Assets/6twelve/Textures/Plastic_04.jpg using Guid(b4d0662a706e17141a8f703b85a1495c) Importer(815301076,1909f56bfc062723c751e8b465ee728b) (PreviewImporter) -> (artifact id: '412b5d99002fc16e1359b91bc68474e8') in 0.0117184 seconds
Number of updated asset objects reloaded before import = 0Number of asset objects unloaded after import = 2

========================================================================
Received Import Request.
  Time since last request: 1.096235 seconds.
  path: Assets/6twelve/Textures/Plastic_06.jpg
  artifactKey: Guid(302d630600b8d5d4d83157bcc0b4c2bc) Importer(815301076,1909f56bfc062723c751e8b465ee728b)
Start importing Assets/6twelve/Textures/Plastic_06.jpg using Guid(302d630600b8d5d4d83157bcc0b4c2bc) Importer(815301076,1909f56bfc062723c751e8b465ee728b) (PreviewImporter) -> (artifact id: '8253024dcf55438ab57b4263eeab1b08') in 0.0203915 seconds
Number of updated asset objects reloaded before import = 0Number of asset objects unloaded after import = 2

========================================================================
Received Import Request.
  Time since last request: 0.000022 seconds.
  path: Assets/6twelve/Textures/Refrigerators.jpg
  artifactKey: Guid(c35aa927877032c4ab088d515f97ef41) Importer(815301076,1909f56bfc062723c751e8b465ee728b)
Start importing Assets/6twelve/Textures/Refrigerators.jpg using Guid(c35aa927877032c4ab088d515f97ef41) Importer(815301076,1909f56bfc062723c751e8b465ee728b) (PreviewImporter) -> (artifact id: '981238b6c690b2a691235c3fdf7a21c2') in 0.0057926 seconds
Number of updated asset objects reloaded before import = 0Number of asset objects unloaded after import = 2

========================================================================
Received Import Request.
  Time since last request: 0.095193 seconds.
  path: Assets/6twelve/Textures/Refrigerators_Emissor.png
  artifactKey: Guid(1fc989adb9bee734f9fd9a45a4e91208) Importer(815301076,1909f56bfc062723c751e8b465ee728b)
Start importing Assets/6twelve/Textures/Refrigerators_Emissor.png using Guid(1fc989adb9bee734f9fd9a45a4e91208) Importer(815301076,1909f56bfc062723c751e8b465ee728b) (PreviewImporter) -> (artifact id: 'eb91bcbac2f8940191b835b3f7c207c1') in 0.0205978 seconds
Number of updated asset objects reloaded before import = 0Number of asset objects unloaded after import = 2

========================================================================
Received Import Request.
  Time since last request: 0.000020 seconds.
  path: Assets/6twelve/Textures/Roof_tiles.jpg
  artifactKey: Guid(64be32db621f2dc4aad966ef7c5f9918) Importer(815301076,1909f56bfc062723c751e8b465ee728b)
Start importing Assets/6twelve/Textures/Roof_tiles.jpg using Guid(64be32db621f2dc4aad966ef7c5f9918) Importer(815301076,1909f56bfc062723c751e8b465ee728b) (PreviewImporter) -> (artifact id: 'f0643a3d2491a5b9aabbd02c441099f5') in 0.0059317 seconds
Number of updated asset objects reloaded before import = 0Number of asset objects unloaded after import = 2

========================================================================
Received Import Request.
  Time since last request: 0.463202 seconds.
  path: Assets/6twelve/Textures/Sign_01.png
  artifactKey: Guid(f6cf5f66a37b7ac4a965e17867fe123f) Importer(815301076,1909f56bfc062723c751e8b465ee728b)
Start importing Assets/6twelve/Textures/Sign_01.png using Guid(f6cf5f66a37b7ac4a965e17867fe123f) Importer(815301076,1909f56bfc062723c751e8b465ee728b) (PreviewImporter) -> (artifact id: 'b47865aec7d0ae05e8ed09ab9af035cc') in 0.0196924 seconds
Number of updated asset objects reloaded before import = 0Number of asset objects unloaded after import = 2

========================================================================
Received Import Request.
  Time since last request: 0.000018 seconds.
  path: Assets/6twelve/Textures/Toothbrushes.jpg
  artifactKey: Guid(1dca2ad9f187a504792014bfb1715fbe) Importer(815301076,1909f56bfc062723c751e8b465ee728b)
Start importing Assets/6twelve/Textures/Toothbrushes.jpg using Guid(1dca2ad9f187a504792014bfb1715fbe) Importer(815301076,1909f56bfc062723c751e8b465ee728b) (PreviewImporter) -> (artifact id: 'b1515d433adfff3be79ec5a0a4c4c96d') in 0.0236799 seconds
Number of updated asset objects reloaded before import = 0Number of asset objects unloaded after import = 2

========================================================================
Received Import Request.
  Time since last request: 0.024494 seconds.
  path: Assets/6twelve/Textures/Tree_01.png
  artifactKey: Guid(098f4c11de800bd43a8d20ff633419bf) Importer(815301076,1909f56bfc062723c751e8b465ee728b)
Start importing Assets/6twelve/Textures/Tree_01.png using Guid(098f4c11de800bd43a8d20ff633419bf) Importer(815301076,1909f56bfc062723c751e8b465ee728b) (PreviewImporter) -> (artifact id: '33f23e61f8459042c287ba962c56381f') in 0.0057199 seconds
Number of updated asset objects reloaded before import = 0Number of asset objects unloaded after import = 2

========================================================================
Received Import Request.
  Time since last request: 0.000101 seconds.
  path: Assets/6twelve/Textures/Wood_18.jpg
  artifactKey: Guid(b79dc207af7a80c45b6a8fdfa80da294) Importer(815301076,1909f56bfc062723c751e8b465ee728b)
Start importing Assets/6twelve/Textures/Wood_18.jpg using Guid(b79dc207af7a80c45b6a8fdfa80da294) Importer(815301076,1909f56bfc062723c751e8b465ee728b) (PreviewImporter) -> (artifact id: '71b7c33dc3d23a746e4149236b588b79') in 0.0062158 seconds
Number of updated asset objects reloaded before import = 0Number of asset objects unloaded after import = 2

========================================================================
Received Import Request.
  Time since last request: 14.183247 seconds.
  path: Assets/6twelve/Skybox/pano.png
  artifactKey: Guid(a666f86ced32d834e8375faa6f22263b) Importer(815301076,1909f56bfc062723c751e8b465ee728b)
Start importing Assets/6twelve/Skybox/pano.png using Guid(a666f86ced32d834e8375faa6f22263b) Importer(815301076,1909f56bfc062723c751e8b465ee728b) (PreviewImporter) -> (artifact id: '6c86fbd3aba4918f4550e14b6adefaee') in 0.0293606 seconds
Number of updated asset objects reloaded before import = 0Number of asset objects unloaded after import = 1

========================================================================
Received Import Request.
  Time since last request: 13.870536 seconds.
  path: Assets/6twelve/Materials/Metal_05.mat
  artifactKey: Guid(3308588f983eeca4d88e7ef4856c8d46) Importer(815301076,1909f56bfc062723c751e8b465ee728b)
Start importing Assets/6twelve/Materials/Metal_05.mat using Guid(3308588f983eeca4d88e7ef4856c8d46) Importer(815301076,1909f56bfc062723c751e8b465ee728b) (PreviewImporter) -> (artifact id: '2a40964bb198e9661387a2fc2b949912') in 0.0077026 seconds
Number of updated asset objects reloaded before import = 0Number of asset objects unloaded after import = 2

========================================================================
Received Import Request.
  Time since last request: 0.000052 seconds.
  path: Assets/6twelve/Materials/Metal_09.mat
  artifactKey: Guid(1b44025f1856b724fa7ad5872fd8bea6) Importer(815301076,1909f56bfc062723c751e8b465ee728b)
Start importing Assets/6twelve/Materials/Metal_09.mat using Guid(1b44025f1856b724fa7ad5872fd8bea6) Importer(815301076,1909f56bfc062723c751e8b465ee728b) (PreviewImporter) -> (artifact id: '431a134c8e154c482509732ca818670a') in 0.0080828 seconds
Number of updated asset objects reloaded before import = 0Number of asset objects unloaded after import = 2

========================================================================
Received Import Request.
  Time since last request: 0.000034 seconds.
  path: Assets/6twelve/Materials/Metal_10.mat
  artifactKey: Guid(75531e447925bec4294b6da325e91b07) Importer(815301076,1909f56bfc062723c751e8b465ee728b)
Start importing Assets/6twelve/Materials/Metal_10.mat using Guid(75531e447925bec4294b6da325e91b07) Importer(815301076,1909f56bfc062723c751e8b465ee728b) (PreviewImporter) -> (artifact id: '9be04c73a60250198c53372efcbc2aa2') in 0.0164947 seconds
Number of updated asset objects reloaded before import = 0Number of asset objects unloaded after import = 2

========================================================================
Received Import Request.
  Time since last request: 0.025865 seconds.
  path: Assets/6twelve/Materials/Mop.mat
  artifactKey: Guid(8415599dc2078f64d9ebdab50caeb304) Importer(815301076,1909f56bfc062723c751e8b465ee728b)
Start importing Assets/6twelve/Materials/Mop.mat using Guid(8415599dc2078f64d9ebdab50caeb304) Importer(815301076,1909f56bfc062723c751e8b465ee728b) (PreviewImporter) -> (artifact id: '73e4e81983afef773bc63c77ff5a3b0c') in 0.0060759 seconds
Number of updated asset objects reloaded before import = 0Number of asset objects unloaded after import = 2

========================================================================
Received Import Request.
  Time since last request: 0.000062 seconds.
  path: Assets/6twelve/Materials/Office.mat
  artifactKey: Guid(94ca32ccc89563643a0733e7959c1daf) Importer(815301076,1909f56bfc062723c751e8b465ee728b)
Start importing Assets/6twelve/Materials/Office.mat using Guid(94ca32ccc89563643a0733e7959c1daf) Importer(815301076,1909f56bfc062723c751e8b465ee728b) (PreviewImporter) -> (artifact id: 'b7e3aa828da09aea7d8a7fb1abb07795') in 0.0192305 seconds
Number of updated asset objects reloaded before import = 0Number of asset objects unloaded after import = 2

========================================================================
Received Import Request.
  Time since last request: 0.000023 seconds.
  path: Assets/6twelve/Materials/Plants_01.mat
  artifactKey: Guid(f595ae3c3d024cd45974c4c122318b74) Importer(815301076,1909f56bfc062723c751e8b465ee728b)
Start importing Assets/6twelve/Materials/Plants_01.mat using Guid(f595ae3c3d024cd45974c4c122318b74) Importer(815301076,1909f56bfc062723c751e8b465ee728b) (PreviewImporter) -> (artifact id: '3dfe9704c71ab198270133df6bf7483c') in 0.0064145 seconds
Number of updated asset objects reloaded before import = 0Number of asset objects unloaded after import = 2

========================================================================
Received Import Request.
  Time since last request: 0.436916 seconds.
  path: Assets/6twelve/Materials/Plaste.mat
  artifactKey: Guid(fb5a3dc3c17634845bda4fc03135f271) Importer(815301076,1909f56bfc062723c751e8b465ee728b)
Start importing Assets/6twelve/Materials/Plaste.mat using Guid(fb5a3dc3c17634845bda4fc03135f271) Importer(815301076,1909f56bfc062723c751e8b465ee728b) (PreviewImporter) -> (artifact id: 'c6657488d6de82cec403ac00235a7756') in 0.0065021 seconds
Number of updated asset objects reloaded before import = 0Number of asset objects unloaded after import = 2

========================================================================
Received Import Request.
  Time since last request: 0.000016 seconds.
  path: Assets/6twelve/Materials/Plastic_03.mat
  artifactKey: Guid(f0bff70a5e31757419721a521b85bf77) Importer(815301076,1909f56bfc062723c751e8b465ee728b)
Start importing Assets/6twelve/Materials/Plastic_03.mat using Guid(f0bff70a5e31757419721a521b85bf77) Importer(815301076,1909f56bfc062723c751e8b465ee728b) (PreviewImporter) -> (artifact id: '87301a8aeb62728754d7fab65de29c09') in 0.033368 seconds
Number of updated asset objects reloaded before import = 0Number of asset objects unloaded after import = 2

========================================================================
Received Import Request.
  Time since last request: 0.000032 seconds.
  path: Assets/6twelve/Materials/Plastic_06.mat
  artifactKey: Guid(aa0c1c68688246d40874bc0ecd2edf7e) Importer(815301076,1909f56bfc062723c751e8b465ee728b)
Start importing Assets/6twelve/Materials/Plastic_06.mat using Guid(aa0c1c68688246d40874bc0ecd2edf7e) Importer(815301076,1909f56bfc062723c751e8b465ee728b) (PreviewImporter) -> (artifact id: '9ba3f4ced987099911ad7e629f498f2b') in 0.0063259 seconds
Number of updated asset objects reloaded before import = 0Number of asset objects unloaded after import = 2

========================================================================
Received Import Request.
  Time since last request: 0.000089 seconds.
  path: Assets/6twelve/Materials/Plastic_01.mat
  artifactKey: Guid(037b625e97d228245962d19d111ed7ab) Importer(815301076,1909f56bfc062723c751e8b465ee728b)
Start importing Assets/6twelve/Materials/Plastic_01.mat using Guid(037b625e97d228245962d19d111ed7ab) Importer(815301076,1909f56bfc062723c751e8b465ee728b) (PreviewImporter) -> (artifact id: '22cdde0480966b9af47e01cd889e77cd') in 0.006608 seconds
Number of updated asset objects reloaded before import = 0Number of asset objects unloaded after import = 2

========================================================================
Received Import Request.
  Time since last request: 0.002133 seconds.
  path: Assets/6twelve/Materials/Plastic_07.mat
  artifactKey: Guid(db154a43c36a5694bbd4ea8b57436f90) Importer(815301076,1909f56bfc062723c751e8b465ee728b)
Start importing Assets/6twelve/Materials/Plastic_07.mat using Guid(db154a43c36a5694bbd4ea8b57436f90) Importer(815301076,1909f56bfc062723c751e8b465ee728b) (PreviewImporter) -> (artifact id: 'fe4ac6c8e3f1332288fbf6371b77a1ee') in 0.007894 seconds
Number of updated asset objects reloaded before import = 0Number of asset objects unloaded after import = 2

========================================================================
Received Import Request.
  Time since last request: 0.000052 seconds.
  path: Assets/6twelve/Materials/Refrigerators.mat
  artifactKey: Guid(07a509882a0912b4e91fdba30f35ca56) Importer(815301076,1909f56bfc062723c751e8b465ee728b)
Start importing Assets/6twelve/Materials/Refrigerators.mat using Guid(07a509882a0912b4e91fdba30f35ca56) Importer(815301076,1909f56bfc062723c751e8b465ee728b) (PreviewImporter) -> (artifact id: '9cf7a55b73ba863a5cf06cbf139790cb') in 0.0084195 seconds
Number of updated asset objects reloaded before import = 0Number of asset objects unloaded after import = 3

========================================================================
Received Import Request.
  Time since last request: 0.585907 seconds.
  path: Assets/6twelve/Materials/Respirator.mat
  artifactKey: Guid(50563f800bb30e1438a8a3b41ec3ba59) Importer(815301076,1909f56bfc062723c751e8b465ee728b)
Start importing Assets/6twelve/Materials/Respirator.mat using Guid(50563f800bb30e1438a8a3b41ec3ba59) Importer(815301076,1909f56bfc062723c751e8b465ee728b) (PreviewImporter) -> (artifact id: '83023c08432eddbf9df92a2d0023462c') in 0.0064483 seconds
Number of updated asset objects reloaded before import = 0Number of asset objects unloaded after import = 2

========================================================================
Received Import Request.
  Time since last request: 0.000016 seconds.
  path: Assets/6twelve/Materials/RoadRail.mat
  artifactKey: Guid(70516ff16ee69bf4385ce6bb5c4d0708) Importer(815301076,1909f56bfc062723c751e8b465ee728b)
Start importing Assets/6twelve/Materials/RoadRail.mat using Guid(70516ff16ee69bf4385ce6bb5c4d0708) Importer(815301076,1909f56bfc062723c751e8b465ee728b) (PreviewImporter) -> (artifact id: '401d9f2f71bd2137e0c6aba97021b346') in 0.0066461 seconds
Number of updated asset objects reloaded before import = 0Number of asset objects unloaded after import = 2

========================================================================
Received Import Request.
  Time since last request: 0.000020 seconds.
  path: Assets/6twelve/Materials/Roof_tiles.mat
  artifactKey: Guid(df2c483d77791ea42a113f3091e56a66) Importer(815301076,1909f56bfc062723c751e8b465ee728b)
Start importing Assets/6twelve/Materials/Roof_tiles.mat using Guid(df2c483d77791ea42a113f3091e56a66) Importer(815301076,1909f56bfc062723c751e8b465ee728b) (PreviewImporter) -> (artifact id: '6a8b89e45cd1d0c239f60860b0370353') in 0.0074518 seconds
Number of updated asset objects reloaded before import = 0Number of asset objects unloaded after import = 2

========================================================================
Received Import Request.
  Time since last request: 0.019459 seconds.
  path: Assets/6twelve/Materials/SoilSand.mat
  artifactKey: Guid(6437c2ca3300b3b4885bca06f674cd5f) Importer(815301076,1909f56bfc062723c751e8b465ee728b)
Start importing Assets/6twelve/Materials/SoilSand.mat using Guid(6437c2ca3300b3b4885bca06f674cd5f) Importer(815301076,1909f56bfc062723c751e8b465ee728b) (PreviewImporter) -> (artifact id: 'dcc91bbdba1114dcdca90520768a26ba') in 0.0072957 seconds
Number of updated asset objects reloaded before import = 0Number of asset objects unloaded after import = 2

========================================================================
Received Import Request.
  Time since last request: 0.000017 seconds.
  path: Assets/6twelve/Materials/Tiles.mat
  artifactKey: Guid(985fcaf6245492d408232455d83462b6) Importer(815301076,1909f56bfc062723c751e8b465ee728b)
Start importing Assets/6twelve/Materials/Tiles.mat using Guid(985fcaf6245492d408232455d83462b6) Importer(815301076,1909f56bfc062723c751e8b465ee728b) (PreviewImporter) -> (artifact id: '8eff41132e6d2c29beda8ef251ec28b0') in 0.0067278 seconds
Number of updated asset objects reloaded before import = 0Number of asset objects unloaded after import = 2

========================================================================
Received Import Request.
  Time since last request: 0.000028 seconds.
  path: Assets/6twelve/Materials/Trash_01.mat
  artifactKey: Guid(06f424ae6c70007478d493cce758ad47) Importer(815301076,1909f56bfc062723c751e8b465ee728b)
Start importing Assets/6twelve/Materials/Trash_01.mat using Guid(06f424ae6c70007478d493cce758ad47) Importer(815301076,1909f56bfc062723c751e8b465ee728b) (PreviewImporter) -> (artifact id: 'b55f22ec6edbb6271f4b645bd2356161') in 0.007915 seconds
Number of updated asset objects reloaded before import = 0Number of asset objects unloaded after import = 2

========================================================================
Received Import Request.
  Time since last request: 0.400548 seconds.
  path: Assets/6twelve/Materials/Trees_Background.mat
  artifactKey: Guid(06ee93ef9dd5b374097505c7a50219b4) Importer(815301076,1909f56bfc062723c751e8b465ee728b)
Start importing Assets/6twelve/Materials/Trees_Background.mat using Guid(06ee93ef9dd5b374097505c7a50219b4) Importer(815301076,1909f56bfc062723c751e8b465ee728b) (PreviewImporter) -> (artifact id: '12d937441beb0526f5c971c58ac1a254') in 0.007215 seconds
Number of updated asset objects reloaded before import = 0Number of asset objects unloaded after import = 2

Editor requested this worker to shutdown with reason: Scaling down because of idle timeout
AssetImportWorker is now disconnected from the server
Process exiting
Exiting without the bug reporter. Application will terminate with return code 0