Using pre-set license
Built from '6000.0/staging' branch; Version is '6000.0.47f1 (2ad1ed33fd3b) revision 2806253'; Using compiler version '193933523'; Build Type 'Release'
OS: 'Windows 11  (10.0.26100) 64bit Professional' Language: 'it' Physical Memory: 32694 MB
BatchMode: 1, IsHumanControllingUs: 0, StartBugReporterOnCrash: 0, Is64bit: 1, IsPro: 1

COMMAND LINE ARGUMENTS:
C:\Program Files\Unity\Hub\Editor\6000.0.47f1\Editor\Unity.exe
-adb2
-batchMode
-noUpm
-name
AssetImportWorker2
-projectPath
C:/Users/guarn/OneDrive/Desktop/Don't close your eyes
-logFile
Logs/AssetImportWorker2.log
-srvPort
49690
-job-worker-count
5
-background-job-worker-count
8
-gc-helper-count
1
Successfully changed project path to: C:/Users/guarn/OneDrive/Desktop/Don't close your eyes
C:/Users/guarn/OneDrive/Desktop/Don't close your eyes
[UnityMemory] Configuration Parameters - Can be set up in boot.config
    "memorysetup-bucket-allocator-granularity=16"
    "memorysetup-bucket-allocator-bucket-count=8"
    "memorysetup-bucket-allocator-block-size=33554432"
    "memorysetup-bucket-allocator-block-count=8"
    "memorysetup-main-allocator-block-size=16777216"
    "memorysetup-thread-allocator-block-size=16777216"
    "memorysetup-gfx-main-allocator-block-size=16777216"
    "memorysetup-gfx-thread-allocator-block-size=16777216"
    "memorysetup-cache-allocator-block-size=4194304"
    "memorysetup-typetree-allocator-block-size=2097152"
    "memorysetup-profiler-bucket-allocator-granularity=16"
    "memorysetup-profiler-bucket-allocator-bucket-count=8"
    "memorysetup-profiler-bucket-allocator-block-size=33554432"
    "memorysetup-profiler-bucket-allocator-block-count=8"
    "memorysetup-profiler-allocator-block-size=16777216"
    "memorysetup-profiler-editor-allocator-block-size=1048576"
    "memorysetup-temp-allocator-size-main=16777216"
    "memorysetup-job-temp-allocator-block-size=2097152"
    "memorysetup-job-temp-allocator-block-size-background=1048576"
    "memorysetup-job-temp-allocator-reduction-small-platforms=262144"
    "memorysetup-allocator-temp-initial-block-size-main=262144"
    "memorysetup-allocator-temp-initial-block-size-worker=262144"
    "memorysetup-temp-allocator-size-background-worker=32768"
    "memorysetup-temp-allocator-size-job-worker=262144"
    "memorysetup-temp-allocator-size-preload-manager=33554432"
    "memorysetup-temp-allocator-size-nav-mesh-worker=65536"
    "memorysetup-temp-allocator-size-audio-worker=65536"
    "memorysetup-temp-allocator-size-cloud-worker=32768"
    "memorysetup-temp-allocator-size-gi-baking-worker=262144"
    "memorysetup-temp-allocator-size-gi-baking-worker=262144"
    "memorysetup-temp-allocator-size-gi-baking-worker=262144"
    "memorysetup-temp-allocator-size-gi-baking-worker=262144"
    "memorysetup-temp-allocator-size-gi-baking-worker=262144"
    "memorysetup-temp-allocator-size-gfx=262144"
Player connection [18884]  Target information:

Player connection [18884]  * "[IP] 192.168.56.1 [Port] 0 [Flags] 2 [Guid] 2796108508 [EditorId] 2796108508 [Version] 1048832 [Id] WindowsEditor(7,David) [Debug] 1 [PackageName] WindowsEditor [ProjectName] Editor" 

Player connection [18884]  * "[IP] 192.168.142.83 [Port] 0 [Flags] 2 [Guid] 2796108508 [EditorId] 2796108508 [Version] 1048832 [Id] WindowsEditor(7,David) [Debug] 1 [PackageName] WindowsEditor [ProjectName] Editor" 

Player connection [18884] Host joined multi-casting on [225.0.0.222:54997]...
Player connection [18884] Host joined alternative multi-casting on [225.0.0.222:34997]...
JobSystem: Creating JobQueue using job-worker-count value 5
Input System module state changed to: Initialized.
[Physics::Module] Initialized fallback backend.
[Physics::Module] Id: 0xdecafbad
Library Redirect Path: Library/
[Physics::Module] Selected backend.
[Physics::Module] Name: PhysX
[Physics::Module] Id: 0xf2b8ea05
[Physics::Module] SDK Version: 4.1.2
[Physics::Module] Integration Version: 1.0.0
[Physics::Module] Threading Mode: Multi-Threaded
Refreshing native plugins compatible for Editor in 0.19 ms, found 0 plugins.
Preloading 0 native plugins for Editor in 0.00 ms.
Initialize engine version: 6000.0.47f1 (2ad1ed33fd3b)
[Subsystems] Discovering subsystems at path C:/Program Files/Unity/Hub/Editor/6000.0.47f1/Editor/Data/Resources/UnitySubsystems
[Subsystems] Discovering subsystems at path C:/Users/guarn/OneDrive/Desktop/Don't close your eyes/Assets
GfxDevice: creating device client; kGfxThreadingModeNonThreaded
Direct3D:
    Version:  Direct3D 11.0 [level 11.1]
    Renderer: NVIDIA GeForce RTX 4070 (ID=0x2709)
    Vendor:   NVIDIA
    VRAM:     12011 MB
    Driver:   32.0.15.7247
Initialize mono
Mono path[0] = 'C:/Program Files/Unity/Hub/Editor/6000.0.47f1/Editor/Data/Managed'
Mono path[1] = 'C:/Program Files/Unity/Hub/Editor/6000.0.47f1/Editor/Data/MonoBleedingEdge/lib/mono/unityjit-win32'
Mono config path = 'C:/Program Files/Unity/Hub/Editor/6000.0.47f1/Editor/Data/MonoBleedingEdge/etc'
Using monoOptions --debugger-agent=transport=dt_socket,embedding=1,server=y,suspend=n,address=127.0.0.1:56636
Begin MonoManager ReloadAssembly
Registering precompiled unity dll's ...
Register platform support module: C:/Program Files/Unity/Hub/Editor/6000.0.47f1/Editor/Data/PlaybackEngines/WebGLSupport/UnityEditor.WebGL.Extensions.dll
Register platform support module: C:/Program Files/Unity/Hub/Editor/6000.0.47f1/Editor/Data/PlaybackEngines/WindowsStandaloneSupport/UnityEditor.WindowsStandalone.Extensions.dll
Registered in 0.003431 seconds.
- Loaded All Assemblies, in  0.366 seconds
Native extension for WindowsStandalone target not found
Native extension for WebGL target not found
Mono: successfully reloaded assembly
- Finished resetting the current domain, in  0.319 seconds
Domain Reload Profiling: 684ms
	BeginReloadAssembly (118ms)
		ExecutionOrderSort (0ms)
		DisableScriptedObjects (0ms)
		BackupInstance (0ms)
		ReleaseScriptingObjects (0ms)
		CreateAndSetChildDomain (1ms)
	RebuildCommonClasses (36ms)
	RebuildNativeTypeToScriptingClass (12ms)
	initialDomainReloadingComplete (46ms)
	LoadAllAssembliesAndSetupDomain (151ms)
		LoadAssemblies (116ms)
		RebuildTransferFunctionScriptingTraits (0ms)
		AnalyzeDomain (148ms)
			TypeCache.Refresh (147ms)
				TypeCache.ScanAssembly (134ms)
			BuildScriptInfoCaches (0ms)
			ResolveRequiredComponents (0ms)
	FinalizeReload (319ms)
		ReleaseScriptCaches (0ms)
		RebuildScriptCaches (0ms)
		SetupLoadedEditorAssemblies (280ms)
			LogAssemblyErrors (0ms)
			InitializePlatformSupportModulesInManaged (22ms)
			SetLoadedEditorAssemblies (5ms)
			BeforeProcessingInitializeOnLoad (65ms)
			ProcessInitializeOnLoadAttributes (139ms)
			ProcessInitializeOnLoadMethodAttributes (49ms)
			AfterProcessingInitializeOnLoad (0ms)
			EditorAssembliesLoaded (0ms)
		ExecutionOrderSort2 (0ms)
		AwakeInstancesAfterBackupRestoration (0ms)
========================================================================
Worker process is ready to serve import requests
Import Worker Mode flag is 0x00
Begin MonoManager ReloadAssembly
- Loaded All Assemblies, in  0.386 seconds
Refreshing native plugins compatible for Editor in 0.13 ms, found 0 plugins.
Native extension for WindowsStandalone target not found
Native extension for WebGL target not found
Mono: successfully reloaded assembly
- Finished resetting the current domain, in  0.299 seconds
Domain Reload Profiling: 684ms
	BeginReloadAssembly (154ms)
		ExecutionOrderSort (0ms)
		DisableScriptedObjects (6ms)
		BackupInstance (0ms)
		ReleaseScriptingObjects (0ms)
		CreateAndSetChildDomain (27ms)
	RebuildCommonClasses (38ms)
	RebuildNativeTypeToScriptingClass (12ms)
	initialDomainReloadingComplete (32ms)
	LoadAllAssembliesAndSetupDomain (147ms)
		LoadAssemblies (198ms)
		RebuildTransferFunctionScriptingTraits (0ms)
		AnalyzeDomain (38ms)
			TypeCache.Refresh (27ms)
				TypeCache.ScanAssembly (19ms)
			BuildScriptInfoCaches (7ms)
			ResolveRequiredComponents (2ms)
	FinalizeReload (300ms)
		ReleaseScriptCaches (0ms)
		RebuildScriptCaches (0ms)
		SetupLoadedEditorAssemblies (211ms)
			LogAssemblyErrors (0ms)
			InitializePlatformSupportModulesInManaged (3ms)
			SetLoadedEditorAssemblies (3ms)
			BeforeProcessingInitializeOnLoad (57ms)
			ProcessInitializeOnLoadAttributes (113ms)
			ProcessInitializeOnLoadMethodAttributes (30ms)
			AfterProcessingInitializeOnLoad (4ms)
			EditorAssembliesLoaded (0ms)
		ExecutionOrderSort2 (0ms)
		AwakeInstancesAfterBackupRestoration (6ms)
Launched and connected shader compiler UnityShaderCompiler.exe after 0.01 seconds
Refreshing native plugins compatible for Editor in 0.18 ms, found 0 plugins.
Preloading 0 native plugins for Editor in 0.00 ms.
Unloading 7 Unused Serialized files (Serialized files now loaded: 0)
Unloading 867 unused Assets / (182.9 KB). Loaded Objects now: 1389.
Memory consumption went from 70.5 MB to 70.3 MB.
Total: 5.864100 ms (FindLiveObjects: 0.208300 ms CreateObjectMapping: 0.048300 ms MarkObjects: 5.230000 ms  DeleteObjects: 0.374700 ms)

========================================================================
Received Import Request.
  Time since last request: 954745.242383 seconds.
  path: Assets/6twelve/Textures/Refrigerators_01_Emissor.png
  artifactKey: Guid(7b530f86cfb9d7a46a779cb54fa8e887) Importer(815301076,1909f56bfc062723c751e8b465ee728b)
Start importing Assets/6twelve/Textures/Refrigerators_01_Emissor.png using Guid(7b530f86cfb9d7a46a779cb54fa8e887) Importer(815301076,1909f56bfc062723c751e8b465ee728b) (PreviewImporter) -> (artifact id: '44bc9957d1b53651803f3400b5455c66') in 0.0850021 seconds
Number of updated asset objects reloaded before import = 0Number of asset objects unloaded after import = 2

========================================================================
Received Import Request.
  Time since last request: 0.070610 seconds.
  path: Assets/6twelve/Textures/Tree.png
  artifactKey: Guid(06c258c87ceb945459b560578cdce15c) Importer(815301076,1909f56bfc062723c751e8b465ee728b)
Start importing Assets/6twelve/Textures/Tree.png using Guid(06c258c87ceb945459b560578cdce15c) Importer(815301076,1909f56bfc062723c751e8b465ee728b) (PreviewImporter) -> (artifact id: '1b745b73f718234d9e4568c224dc4718') in 0.0061342 seconds
Number of updated asset objects reloaded before import = 0Number of asset objects unloaded after import = 2

========================================================================
Received Import Request.
  Time since last request: 0.000074 seconds.
  path: Assets/6twelve/Textures/Wood_18.jpg
  artifactKey: Guid(ddffb784053e7364c9feb99af8e40cd2) Importer(815301076,1909f56bfc062723c751e8b465ee728b)
Start importing Assets/6twelve/Textures/Wood_18.jpg using Guid(ddffb784053e7364c9feb99af8e40cd2) Importer(815301076,1909f56bfc062723c751e8b465ee728b) (PreviewImporter) -> (artifact id: '127ce5280ef8e9968e0bf0dffa1dff34') in 0.0065736 seconds
Number of updated asset objects reloaded before import = 0Number of asset objects unloaded after import = 2

========================================================================
Received Import Request.
  Time since last request: 13.687973 seconds.
  path: Assets/6twelve/6twelve.unitypackage
  artifactKey: Guid(e315026f6a7ab3d48a57964127dfd024) Importer(815301076,1909f56bfc062723c751e8b465ee728b)
Start importing Assets/6twelve/6twelve.unitypackage using Guid(e315026f6a7ab3d48a57964127dfd024) Importer(815301076,1909f56bfc062723c751e8b465ee728b) (PreviewImporter) -> (artifact id: '18839db055217794c1898cd3143d4e66') in 0.0013776 seconds
Number of updated asset objects reloaded before import = 0Number of asset objects unloaded after import = 1

========================================================================
Received Import Request.
  Time since last request: 25.099305 seconds.
  path: Assets/6twelve/Scene/DEMO.unity
  artifactKey: Guid(8617185948eb2714e9f1f54b8573f8ec) Importer(815301076,1909f56bfc062723c751e8b465ee728b)
Start importing Assets/6twelve/Scene/DEMO.unity using Guid(8617185948eb2714e9f1f54b8573f8ec) Importer(815301076,1909f56bfc062723c751e8b465ee728b) (PreviewImporter) -> (artifact id: '54f65590446fc7f2763a5773ba9a1f9d') in 0.000567 seconds
Number of updated asset objects reloaded before import = 0Number of asset objects unloaded after import = 0

========================================================================
Received Import Request.
  Time since last request: 19.196879 seconds.
  path: Assets/6twelve/Scene/DEMO
  artifactKey: Guid(1535af176d5ca82488d54bd05edc92dd) Importer(815301076,1909f56bfc062723c751e8b465ee728b)
Start importing Assets/6twelve/Scene/DEMO using Guid(1535af176d5ca82488d54bd05edc92dd) Importer(815301076,1909f56bfc062723c751e8b465ee728b) (PreviewImporter) -> (artifact id: '250620c36d4710847dc73e18b6dc9694') in 0.0005215 seconds
Number of updated asset objects reloaded before import = 0Number of asset objects unloaded after import = 0

========================================================================
Received Import Request.
  Time since last request: 0.058351 seconds.
  path: Assets/6twelve/Scene/DEMO/LightingData.asset
  artifactKey: Guid(7d1da3f3e1791c64db431358997c365c) Importer(815301076,1909f56bfc062723c751e8b465ee728b)
Start importing Assets/6twelve/Scene/DEMO/LightingData.asset using Guid(7d1da3f3e1791c64db431358997c365c) Importer(815301076,1909f56bfc062723c751e8b465ee728b) (PreviewImporter) -> (artifact id: 'a1d6611cdaa70f5909774306a1623fbf') in 0.0017244 seconds
Number of updated asset objects reloaded before import = 0Number of asset objects unloaded after import = 2

========================================================================
Received Import Request.
  Time since last request: 0.000062 seconds.
  path: Assets/6twelve/Scene/DEMO/Lightmap-2_comp_dir.png
  artifactKey: Guid(d2e0d75319faeca4ea6bca649c93602b) Importer(815301076,1909f56bfc062723c751e8b465ee728b)
Start importing Assets/6twelve/Scene/DEMO/Lightmap-2_comp_dir.png using Guid(d2e0d75319faeca4ea6bca649c93602b) Importer(815301076,1909f56bfc062723c751e8b465ee728b) (PreviewImporter) -> (artifact id: '7050ea50c9bc685305dca7c133061e98') in 0.0097313 seconds
Number of updated asset objects reloaded before import = 0Number of asset objects unloaded after import = 2

========================================================================
Received Import Request.
  Time since last request: 0.000062 seconds.
  path: Assets/6twelve/Scene/DEMO/Lightmap-2_comp_light.exr
  artifactKey: Guid(89990fa502514a541b1c0c744076bff1) Importer(815301076,1909f56bfc062723c751e8b465ee728b)
Start importing Assets/6twelve/Scene/DEMO/Lightmap-2_comp_light.exr using Guid(89990fa502514a541b1c0c744076bff1) Importer(815301076,1909f56bfc062723c751e8b465ee728b) (PreviewImporter) -> (artifact id: '9489cbdfe05ab41f0dab22a675a7ad0c') in 0.0405679 seconds
Number of updated asset objects reloaded before import = 0Number of asset objects unloaded after import = 2

========================================================================
Received Import Request.
  Time since last request: 0.000031 seconds.
  path: Assets/6twelve/Scene/DEMO/Lightmap-4_comp_light.exr
  artifactKey: Guid(bf4b583818f34f54c8703242930fa2af) Importer(815301076,1909f56bfc062723c751e8b465ee728b)
Start importing Assets/6twelve/Scene/DEMO/Lightmap-4_comp_light.exr using Guid(bf4b583818f34f54c8703242930fa2af) Importer(815301076,1909f56bfc062723c751e8b465ee728b) (PreviewImporter) -> (artifact id: '511e37f4e411f26bd696ae0bccb6a9d5') in 0.01146 seconds
Number of updated asset objects reloaded before import = 0Number of asset objects unloaded after import = 2

========================================================================
Received Import Request.
  Time since last request: 0.000073 seconds.
  path: Assets/6twelve/Scene/DEMO/Lightmap-0_comp_shadowmask.png
  artifactKey: Guid(9f76e7ed4821e43418d5c624123f2e16) Importer(815301076,1909f56bfc062723c751e8b465ee728b)
Start importing Assets/6twelve/Scene/DEMO/Lightmap-0_comp_shadowmask.png using Guid(9f76e7ed4821e43418d5c624123f2e16) Importer(815301076,1909f56bfc062723c751e8b465ee728b) (PreviewImporter) -> (artifact id: 'a94bd110c94c5002f9f87cac0434d86c') in 0.0103978 seconds
Number of updated asset objects reloaded before import = 0Number of asset objects unloaded after import = 2

========================================================================
Received Import Request.
  Time since last request: 0.000068 seconds.
  path: Assets/6twelve/Scene/DEMO/Lightmap-4_comp_dir.png
  artifactKey: Guid(99908387d76a1974ead10cd01afb1c08) Importer(815301076,1909f56bfc062723c751e8b465ee728b)
Start importing Assets/6twelve/Scene/DEMO/Lightmap-4_comp_dir.png using Guid(99908387d76a1974ead10cd01afb1c08) Importer(815301076,1909f56bfc062723c751e8b465ee728b) (PreviewImporter) -> (artifact id: '1fcc2fdcb4d4f1b9f779143df645507c') in 0.0097971 seconds
Number of updated asset objects reloaded before import = 0Number of asset objects unloaded after import = 2

========================================================================
Received Import Request.
  Time since last request: 0.000072 seconds.
  path: Assets/6twelve/Scene/DEMO/Lightmap-1_comp_dir.png
  artifactKey: Guid(080d82f85730ba043b009188fd94f5c0) Importer(815301076,1909f56bfc062723c751e8b465ee728b)
Start importing Assets/6twelve/Scene/DEMO/Lightmap-1_comp_dir.png using Guid(080d82f85730ba043b009188fd94f5c0) Importer(815301076,1909f56bfc062723c751e8b465ee728b) (PreviewImporter) -> (artifact id: '5a1ce04f212629e4b20207d203d4483e') in 0.0091045 seconds
Number of updated asset objects reloaded before import = 0Number of asset objects unloaded after import = 2

========================================================================
Received Import Request.
  Time since last request: 423.269802 seconds.
  path: Assets/6twelve/Materials/6twelve.mat
  artifactKey: Guid(4f17d20507a864345acf2f2d28fb6ed7) Importer(815301076,1909f56bfc062723c751e8b465ee728b)
Start importing Assets/6twelve/Materials/6twelve.mat using Guid(4f17d20507a864345acf2f2d28fb6ed7) Importer(815301076,1909f56bfc062723c751e8b465ee728b) (PreviewImporter) -> (artifact id: '929eb8679622b92464a8cca1a7106ca0') in 0.0865874 seconds
Number of updated asset objects reloaded before import = 0Number of asset objects unloaded after import = 2

========================================================================
Received Import Request.
  Time since last request: 0.000034 seconds.
  path: Assets/6twelve/Materials/Bricks.mat
  artifactKey: Guid(d9ae5e04e6cf8784d85658ea86c665a8) Importer(815301076,1909f56bfc062723c751e8b465ee728b)
Start importing Assets/6twelve/Materials/Bricks.mat using Guid(d9ae5e04e6cf8784d85658ea86c665a8) Importer(815301076,1909f56bfc062723c751e8b465ee728b) (PreviewImporter) -> (artifact id: '1c5ecd3c6b1fc56a484d0b344cf8dd12') in 0.0108105 seconds
Number of updated asset objects reloaded before import = 0Number of asset objects unloaded after import = 2

========================================================================
Received Import Request.
  Time since last request: 0.000047 seconds.
  path: Assets/6twelve/Materials/Branches.mat
  artifactKey: Guid(0650bf1fa17eb4c49b63b477c94c8d2f) Importer(815301076,1909f56bfc062723c751e8b465ee728b)
Start importing Assets/6twelve/Materials/Branches.mat using Guid(0650bf1fa17eb4c49b63b477c94c8d2f) Importer(815301076,1909f56bfc062723c751e8b465ee728b) (PreviewImporter) -> (artifact id: '31803006ae4d5a5edafba390dca2524e') in 0.18703 seconds
Number of updated asset objects reloaded before import = 0Number of asset objects unloaded after import = 2

========================================================================
Received Import Request.
  Time since last request: 0.430759 seconds.
  path: Assets/6twelve/Models/6twelve.dae
  artifactKey: Guid(0e22da44853833c479ba0d7b170da092) Importer(815301076,1909f56bfc062723c751e8b465ee728b)
Start importing Assets/6twelve/Models/6twelve.dae using Guid(0e22da44853833c479ba0d7b170da092) Importer(815301076,1909f56bfc062723c751e8b465ee728b) (PreviewImporter) -> (artifact id: '5295ae073e44a1221888504235f59e19') in 1.2565056 seconds
Number of updated asset objects reloaded before import = 0Number of asset objects unloaded after import = 858

